#
# A fatal error has been detected by the Java Runtime Environment:
#
#  SIGSEGV (0xb) at pc=0x000000010bf809f8, pid=2875, tid=0x0000000000001903
#
# JRE version: Java(TM) SE Runtime Environment (8.0_171-b11) (build 1.8.0_171-b11)
# Java VM: Java HotSpot(TM) 64-Bit Server VM (25.171-b11 mixed mode bsd-amd64 compressed oops)
# Problematic frame:
# j  com.edu.JavaLearning.collection.MapLearning.UnsafeTest()V+10
#
# Failed to write core dump. Core dumps have been disabled. To enable core dumping, try "ulimit -c unlimited" before starting Java again
#
# If you would like to submit a bug report, please visit:
#   http://bugreport.java.com/bugreport/crash.jsp
#

---------------  T H R E A D  ---------------

Current thread (0x00007ff2c5801000):  JavaThread "main" [_thread_in_Java, id=6403, stack(0x000070000a179000,0x000070000a279000)]

siginfo: si_signo: 11 (SIGSEGV), si_code: 1 (SEGV_MAPERR), si_addr: 0x0000000003a00350

Registers:
RAX=0x00000007c0007340, RBX=0x000000000000012e, RCX=0x0000000103828360, RDX=0x0000000003a00348
RSP=0x000070000a278890, RBP=0x000070000a2788d0, RSI=0x0000000000000007, RDI=0x0000000000000000
R8 =0x0000000000000000, R9 =0x000000000000000a, R10=0x0000000000000000, R11=0x0000000000000003
R12=0x0000000000000000, R13=0x0000000109229642, R14=0x000070000a2788e8, R15=0x00007ff2c5801000
RIP=0x000000010bf809f8, EFLAGS=0x0000000000010246, ERR=0x0000000000000004
  TRAPNO=0x000000000000000e

Top of Stack: (sp=0x000070000a278890)
0x000070000a278890:   000070000a278890 0000000109229642
0x000070000a2788a0:   000070000a2788e8 0000000109229920
0x000070000a2788b0:   0000000000000000 0000000109229680
0x000070000a2788c0:   0000000000000000 000070000a2788e8
0x000070000a2788d0:   000070000a278930 000000010bf5435d
0x000070000a2788e0:   0000000000000000 00000007957ff1b8
0x000070000a2788f0:   000070000a2788f0 00000001092294f7
0x000070000a278900:   000070000a278968 0000000109229920
0x000070000a278910:   0000000000000000 0000000109229588
0x000070000a278920:   000070000a2788e8 000070000a278968
0x000070000a278930:   000070000a2789d0 000000010bf4c7a7
0x000070000a278940:   00000007957fecc0 00000007955840e8
0x000070000a278950:   0000000795583520 0000000795582fd0
0x000070000a278960:   0000000740008840 0000000740008830
0x000070000a278970:   0000000100001fa0 000000000000000a
0x000070000a278980:   00007ff2c5801000 0000000000000001
0x000070000a278990:   000000010bf4c71f 0000000109229588
0x000070000a2789a0:   000070000a278a68 000070000a278df0
0x000070000a2789b0:   000000010000000a 0000000109229588
0x000070000a2789c0:   000000010bf654c0 000070000a278ba8
0x000070000a2789d0:   000070000a278b80 00000001032ef1f6
0x000070000a2789e0:   0000000000000001 00007ff2c5801000
0x000070000a2789f0:   0000000000000000 000070000a278df0
0x000070000a278a00:   0000000000000000 000000010bf654c0
0x000070000a278a10:   00febabecafebabe 000070000a278ba0
0x000070000a278a20:   000070000a278de8 00007ff2c5801000
0x000070000a278a30:   00007ff2c5801000 00007ff2c4d00f40
0x000070000a278a40:   00007ff2c4d00f80 00007ff2c4d00f90
0x000070000a278a50:   00007ff2c4d01068 00000000000000d8
0x000070000a278a60:   00007ff2c4d009c0 00007ff2c5801000
0x000070000a278a70:   00007ff2c4d01cf0 0000000109229588
0x000070000a278a80:   0000000000000000 0000000000000000 

Instructions: (pc=0x000000010bf809f8)
0x000000010bf809d8:   40 02 00 00 49 ba 00 00 00 00 00 00 00 00 4d 89
0x000000010bf809e8:   97 40 02 00 00 5a eb 08 48 8b d0 48 8b 44 d9 50
0x000000010bf809f8:   8b 5a 08 48 c1 e3 03 48 8b 4d e0 48 85 c9 0f 84
0x000000010bf80a08:   8a 00 00 00 48 8b 79 10 48 3b fb 0f 85 0f 00 00 

Register to memory mapping:

RAX=0x00000007c0007340 is pointing into metadata
RBX=0x000000000000012e is an unknown value
RCX=0x0000000103828360: UseMembar+0 in /Library/Java/JavaVirtualMachines/jdk1.8.0_171.jdk/Contents/Home/jre/lib/server/libjvm.dylib at 0x0000000103000000
RDX=0x0000000003a00348 is an unknown value
RSP=0x000070000a278890 is pointing into the stack for thread: 0x00007ff2c5801000
RBP=0x000070000a2788d0 is pointing into the stack for thread: 0x00007ff2c5801000
RSI=0x0000000000000007 is an unknown value
RDI=0x0000000000000000 is an unknown value
R8 =0x0000000000000000 is an unknown value
R9 =0x000000000000000a is an unknown value
R10=0x0000000000000000 is an unknown value
R11=0x0000000000000003 is an unknown value
R12=0x0000000000000000 is an unknown value
R13=0x0000000109229642 is pointing into metadata
R14=0x000070000a2788e8 is pointing into the stack for thread: 0x00007ff2c5801000
R15=0x00007ff2c5801000 is a thread


Stack: [0x000070000a179000,0x000070000a279000],  sp=0x000070000a278890,  free space=1022k
Native frames: (J=compiled Java code, j=interpreted, Vv=VM code, C=native code)
j  com.edu.JavaLearning.collection.MapLearning.UnsafeTest()V+10
j  com.edu.JavaLearning.collection.MapLearning.main([Ljava/lang/String;)V+511
v  ~StubRoutines::call_stub
V  [libjvm.dylib+0x2ef1f6]
V  [libjvm.dylib+0x326185]
V  [libjvm.dylib+0x31ef11]
C  [java+0x38ca]  JavaMain+0x9c4
C  [libsystem_pthread.dylib+0x333d]  _pthread_body+0x7e
C  [libsystem_pthread.dylib+0x62a7]  _pthread_start+0x46
C  [libsystem_pthread.dylib+0x2425]  thread_start+0xd
C  0x0000000000000000


---------------  P R O C E S S  ---------------

Java Threads: ( => current thread )
  0x00007ff2c5069800 JavaThread "Service Thread" daemon [_thread_blocked, id=14851, stack(0x000070000b0a6000,0x000070000b1a6000)]
  0x00007ff2c5969000 JavaThread "C1 CompilerThread2" daemon [_thread_blocked, id=16899, stack(0x000070000afa3000,0x000070000b0a3000)]
  0x00007ff2c5061000 JavaThread "C2 CompilerThread1" daemon [_thread_blocked, id=14083, stack(0x000070000aea0000,0x000070000afa0000)]
  0x00007ff2c5968000 JavaThread "C2 CompilerThread0" daemon [_thread_blocked, id=17411, stack(0x000070000ad9d000,0x000070000ae9d000)]
  0x00007ff2c6803800 JavaThread "JDWP Command Reader" daemon [_thread_in_native, id=17667, stack(0x000070000ac9a000,0x000070000ad9a000)]
  0x00007ff2c6022800 JavaThread "JDWP Event Helper Thread" daemon [_thread_blocked, id=13315, stack(0x000070000ab97000,0x000070000ac97000)]
  0x00007ff2c5826800 JavaThread "JDWP Transport Listener: dt_socket" daemon [_thread_blocked, id=18183, stack(0x000070000aa94000,0x000070000ab94000)]
  0x00007ff2c6839800 JavaThread "Signal Dispatcher" daemon [_thread_blocked, id=13059, stack(0x000070000a991000,0x000070000aa91000)]
  0x00007ff2c6007800 JavaThread "Finalizer" daemon [_thread_blocked, id=20739, stack(0x000070000a88e000,0x000070000a98e000)]
  0x00007ff2c502b800 JavaThread "Reference Handler" daemon [_thread_blocked, id=20995, stack(0x000070000a78b000,0x000070000a88b000)]
=>0x00007ff2c5801000 JavaThread "main" [_thread_in_Java, id=6403, stack(0x000070000a179000,0x000070000a279000)]

Other Threads:
  0x00007ff2c6827000 VMThread [stack: 0x000070000a688000,0x000070000a788000] [id=21251]
  0x00007ff2c506a800 WatcherThread [stack: 0x000070000b1a9000,0x000070000b2a9000] [id=16387]

VM state:not at safepoint (normal execution)

VM Mutex/Monitor currently owned by a thread: None

Heap:
 PSYoungGen      total 38400K, used 2663K [0x0000000795580000, 0x0000000798000000, 0x00000007c0000000)
  eden space 33280K, 8% used [0x0000000795580000,0x0000000795819c58,0x0000000797600000)
  from space 5120K, 0% used [0x0000000797600000,0x0000000797600000,0x0000000797b00000)
  to   space 5120K, 0% used [0x0000000797b00000,0x0000000797b00000,0x0000000798000000)
 ParOldGen       total 87552K, used 1010K [0x0000000740000000, 0x0000000745580000, 0x0000000795580000)
  object space 87552K, 1% used [0x0000000740000000,0x00000007400fc868,0x0000000745580000)
 Metaspace       used 4109K, capacity 4756K, committed 4864K, reserved 1056768K
  class space    used 452K, capacity 504K, committed 512K, reserved 1048576K

Card table byte_map: [0x000000010436e000,0x000000010476f000] byte_map_base: 0x000000010096e000

Marking Bits: (ParMarkBitMap*) 0x00000001038f76e0
 Begin Bits: [0x0000000104a1a000, 0x0000000106a1a000)
 End Bits:   [0x0000000106a1a000, 0x0000000108a1a000)

Polling page: 0x000000010267b000

CodeCache: size=245760Kb used=1493Kb max_used=1493Kb free=244266Kb
 bounds [0x000000010bf4c000, 0x000000010c1bc000, 0x000000011af4c000]
 total_blobs=490 nmethods=234 adapters=178
 compilation: enabled

Compilation events (10 events):
Event: 13.303 Thread 0x00007ff2c5969000  230       3       jdk.internal.org.objectweb.asm.ByteVector::putByteArray (49 bytes)
Event: 13.303 Thread 0x00007ff2c5969000 nmethod 230 0x000000010c0bec90 code [0x000000010c0bee20, 0x000000010c0bf158]
Event: 13.303 Thread 0x00007ff2c5969000  231       3       jdk.internal.org.objectweb.asm.ByteVector::putInt (74 bytes)
Event: 13.303 Thread 0x00007ff2c5969000 nmethod 231 0x000000010c0bf250 code [0x000000010c0bf3c0, 0x000000010c0bf668]
Event: 13.303 Thread 0x00007ff2c5969000  233       3       java.lang.invoke.MethodType$ConcurrentWeakInternSet::get (54 bytes)
Event: 13.304 Thread 0x00007ff2c5969000 nmethod 233 0x000000010c0bf810 code [0x000000010c0bfa40, 0x000000010c0c0738]
Event: 13.304 Thread 0x00007ff2c5969000  232       3       jdk.internal.org.objectweb.asm.ByteVector::enlarge (51 bytes)
Event: 13.304 Thread 0x00007ff2c5969000 nmethod 232 0x000000010c0c0d90 code [0x000000010c0c0f00, 0x000000010c0c1228]
Event: 13.304 Thread 0x00007ff2c5969000  234       3       com.intellij.rt.debugger.agent.CaptureAgent::access$200 (5 bytes)
Event: 13.304 Thread 0x00007ff2c5969000 nmethod 234 0x000000010c0c1310 code [0x000000010c0c1480, 0x000000010c0c16d0]

GC Heap History (4 events):
Event: 13.223 GC heap before
{Heap before GC invocations=1 (full 0):
 PSYoungGen      total 38400K, used 6008K [0x0000000795580000, 0x0000000798000000, 0x00000007c0000000)
  eden space 33280K, 18% used [0x0000000795580000,0x0000000795b5e1d8,0x0000000797600000)
  from space 5120K, 0% used [0x0000000797b00000,0x0000000797b00000,0x0000000798000000)
  to   space 5120K, 0% used [0x0000000797600000,0x0000000797600000,0x0000000797b00000)
 ParOldGen       total 87552K, used 0K [0x0000000740000000, 0x0000000745580000, 0x0000000795580000)
  object space 87552K, 0% used [0x0000000740000000,0x0000000740000000,0x0000000745580000)
 Metaspace       used 3194K, capacity 4568K, committed 4864K, reserved 1056768K
  class space    used 341K, capacity 392K, committed 512K, reserved 1048576K
Event: 13.225 GC heap after
Heap after GC invocations=1 (full 0):
 PSYoungGen      total 38400K, used 1075K [0x0000000795580000, 0x0000000798000000, 0x00000007c0000000)
  eden space 33280K, 0% used [0x0000000795580000,0x0000000795580000,0x0000000797600000)
  from space 5120K, 21% used [0x0000000797600000,0x000000079770ce50,0x0000000797b00000)
  to   space 5120K, 0% used [0x0000000797b00000,0x0000000797b00000,0x0000000798000000)
 ParOldGen       total 87552K, used 0K [0x0000000740000000, 0x0000000745580000, 0x0000000795580000)
  object space 87552K, 0% used [0x0000000740000000,0x0000000740000000,0x0000000745580000)
 Metaspace       used 3194K, capacity 4568K, committed 4864K, reserved 1056768K
  class space    used 341K, capacity 392K, committed 512K, reserved 1048576K
}
Event: 13.225 GC heap before
{Heap before GC invocations=2 (full 1):
 PSYoungGen      total 38400K, used 1075K [0x0000000795580000, 0x0000000798000000, 0x00000007c0000000)
  eden space 33280K, 0% used [0x0000000795580000,0x0000000795580000,0x0000000797600000)
  from space 5120K, 21% used [0x0000000797600000,0x000000079770ce50,0x0000000797b00000)
  to   space 5120K, 0% used [0x0000000797b00000,0x0000000797b00000,0x0000000798000000)
 ParOldGen       total 87552K, used 0K [0x0000000740000000, 0x0000000745580000, 0x0000000795580000)
  object space 87552K, 0% used [0x0000000740000000,0x0000000740000000,0x0000000745580000)
 Metaspace       used 3194K, capacity 4568K, committed 4864K, reserved 1056768K
  class space    used 341K, capacity 392K, committed 512K, reserved 1048576K
Event: 13.233 GC heap after
Heap after GC invocations=2 (full 1):
 PSYoungGen      total 38400K, used 0K [0x0000000795580000, 0x0000000798000000, 0x00000007c0000000)
  eden space 33280K, 0% used [0x0000000795580000,0x0000000795580000,0x0000000797600000)
  from space 5120K, 0% used [0x0000000797600000,0x0000000797600000,0x0000000797b00000)
  to   space 5120K, 0% used [0x0000000797b00000,0x0000000797b00000,0x0000000798000000)
 ParOldGen       total 87552K, used 1010K [0x0000000740000000, 0x0000000745580000, 0x0000000795580000)
  object space 87552K, 1% used [0x0000000740000000,0x00000007400fc868,0x0000000745580000)
 Metaspace       used 3194K, capacity 4568K, committed 4864K, reserved 1056768K
  class space    used 341K, capacity 392K, committed 512K, reserved 1048576K
}

Deoptimization events (1 events):
Event: 13.302 Thread 0x00007ff2c5801000 Uncommon trap: reason=unstable_if action=reinterpret pc=0x000000010c0b4804 method=jdk.internal.org.objectweb.asm.ByteVector.putUTF8(Ljava/lang/String;)Ljdk/internal/org/objectweb/asm/ByteVector; @ 98

Classes redefined (0 events):
No events

Internal exceptions (4 events):
Event: 0.039 Thread 0x00007ff2c5801000 Exception <a 'java/lang/NoSuchMethodError': Method sun.misc.Unsafe.defineClass(Ljava/lang/String;[BII)Ljava/lang/Class; name or signature does not match> (0x0000000795587cb0) thrown at [/Users/java_re/workspace/8-2-build-macosx-x86_64/jdk8u171/10807/hotsp
Event: 0.039 Thread 0x00007ff2c5801000 Exception <a 'java/lang/NoSuchMethodError': Method sun.misc.Unsafe.prefetchRead(Ljava/lang/Object;J)V name or signature does not match> (0x0000000795587f98) thrown at [/Users/java_re/workspace/8-2-build-macosx-x86_64/jdk8u171/10807/hotspot/src/share/vm/pr
Event: 13.284 Thread 0x00007ff2c5801000 Exception <a 'java/lang/NoSuchFieldError': method resolution failed> (0x0000000795755cc0) thrown at [/Users/java_re/workspace/8-2-build-macosx-x86_64/jdk8u171/10807/hotspot/src/share/vm/prims/methodHandles.cpp, line 1167]
Event: 13.286 Thread 0x00007ff2c5801000 Exception <a 'java/lang/NoSuchFieldError': method resolution failed> (0x00000007957638e0) thrown at [/Users/java_re/workspace/8-2-build-macosx-x86_64/jdk8u171/10807/hotspot/src/share/vm/prims/methodHandles.cpp, line 1167]

Events (10 events):
Event: 37.808 Executing VM operation: GetCurrentLocation
Event: 37.808 Executing VM operation: GetCurrentLocation done
Event: 37.808 Executing VM operation: ChangeSingleStep
Event: 37.808 Executing VM operation: ChangeSingleStep done
Event: 37.808 Executing VM operation: ChangeSingleStep
Event: 37.808 Executing VM operation: ChangeSingleStep done
Event: 37.808 Executing VM operation: GetCurrentLocation
Event: 37.808 Executing VM operation: GetCurrentLocation done
Event: 37.808 Executing VM operation: ChangeSingleStep
Event: 37.809 Executing VM operation: ChangeSingleStep done


Dynamic libraries:
0x0000000026a6c000 	/System/Library/Frameworks/Cocoa.framework/Versions/A/Cocoa
0x0000000026a6c000 	/System/Library/Frameworks/Security.framework/Versions/A/Security
0x0000000026a6c000 	/System/Library/Frameworks/ApplicationServices.framework/Versions/A/ApplicationServices
0x0000000026a6c000 	/usr/lib/libz.1.dylib
0x0000000026a6c000 	/usr/lib/libSystem.B.dylib
0x0000000026a6c000 	/usr/lib/libobjc.A.dylib
0x0000000026a6c000 	/System/Library/Frameworks/CoreFoundation.framework/Versions/A/CoreFoundation
0x0000000026a6c000 	/System/Library/Frameworks/Foundation.framework/Versions/C/Foundation
0x0000000026a6c000 	/System/Library/Frameworks/AppKit.framework/Versions/C/AppKit
0x0000000026a6c000 	/System/Library/Frameworks/CoreData.framework/Versions/A/CoreData
0x0000000026a6c000 	/System/Library/PrivateFrameworks/RemoteViewServices.framework/Versions/A/RemoteViewServices
0x0000000026a6c000 	/System/Library/PrivateFrameworks/UIFoundation.framework/Versions/A/UIFoundation
0x0000000026a6c000 	/System/Library/PrivateFrameworks/XCTTargetBootstrap.framework/Versions/A/XCTTargetBootstrap
0x0000000026a6c000 	/System/Library/PrivateFrameworks/IconServices.framework/Versions/A/IconServices
0x0000000026a6c000 	/System/Library/Frameworks/Metal.framework/Versions/A/Metal
0x0000000026a6c000 	/System/Library/PrivateFrameworks/DesktopServicesPriv.framework/Versions/A/DesktopServicesPriv
0x0000000026a6c000 	/usr/lib/libenergytrace.dylib
0x0000000026a6c000 	/System/Library/PrivateFrameworks/SkyLight.framework/Versions/A/SkyLight
0x0000000026a6c000 	/System/Library/Frameworks/CoreGraphics.framework/Versions/A/CoreGraphics
0x0000000026a6c000 	/System/Library/Frameworks/Accelerate.framework/Versions/A/Accelerate
0x0000000026a6c000 	/System/Library/Frameworks/IOSurface.framework/Versions/A/IOSurface
0x0000000026a6c000 	/System/Library/PrivateFrameworks/DFRFoundation.framework/Versions/A/DFRFoundation
0x0000000026a6c000 	/System/Library/Frameworks/AudioToolbox.framework/Versions/A/AudioToolbox
0x0000000026a6c000 	/System/Library/Frameworks/AudioUnit.framework/Versions/A/AudioUnit
0x0000000026a6c000 	/System/Library/PrivateFrameworks/DataDetectorsCore.framework/Versions/A/DataDetectorsCore
0x0000000026a6c000 	/System/Library/Frameworks/Carbon.framework/Versions/A/Frameworks/HIToolbox.framework/Versions/A/HIToolbox
0x0000000026a6c000 	/usr/lib/libicucore.A.dylib
0x0000000026a6c000 	/System/Library/Frameworks/QuartzCore.framework/Versions/A/QuartzCore
0x0000000026a6c000 	/System/Library/Frameworks/Carbon.framework/Versions/A/Frameworks/SpeechRecognition.framework/Versions/A/SpeechRecognition
0x0000000026a6c000 	/usr/lib/libauto.dylib
0x0000000026a6c000 	/usr/lib/libxml2.2.dylib
0x0000000026a6c000 	/System/Library/PrivateFrameworks/CoreUI.framework/Versions/A/CoreUI
0x0000000026a6c000 	/System/Library/Frameworks/CoreAudio.framework/Versions/A/CoreAudio
0x0000000026a6c000 	/System/Library/Frameworks/DiskArbitration.framework/Versions/A/DiskArbitration
0x0000000026a6c000 	/usr/lib/liblangid.dylib
0x0000000026a6c000 	/System/Library/PrivateFrameworks/MultitouchSupport.framework/Versions/A/MultitouchSupport
0x0000000026a6c000 	/System/Library/Frameworks/IOKit.framework/Versions/A/IOKit
0x0000000026a6c000 	/usr/lib/libDiagnosticMessagesClient.dylib
0x0000000026a6c000 	/System/Library/Frameworks/CoreServices.framework/Versions/A/CoreServices
0x0000000026a6c000 	/System/Library/PrivateFrameworks/PerformanceAnalysis.framework/Versions/A/PerformanceAnalysis
0x0000000026a6c000 	/System/Library/Frameworks/OpenGL.framework/Versions/A/OpenGL
0x0000000026a6c000 	/System/Library/Frameworks/ColorSync.framework/Versions/A/ColorSync
0x0000000026a6c000 	/System/Library/Frameworks/CoreImage.framework/Versions/A/CoreImage
0x0000000026a6c000 	/System/Library/Frameworks/CoreText.framework/Versions/A/CoreText
0x0000000026a6c000 	/System/Library/Frameworks/ImageIO.framework/Versions/A/ImageIO
0x0000000026a6c000 	/System/Library/PrivateFrameworks/Backup.framework/Versions/A/Backup
0x0000000026a6c000 	/usr/lib/libarchive.2.dylib
0x0000000026a6c000 	/System/Library/Frameworks/CFNetwork.framework/Versions/A/CFNetwork
0x0000000026a6c000 	/System/Library/Frameworks/SystemConfiguration.framework/Versions/A/SystemConfiguration
0x0000000026a6c000 	/usr/lib/libCRFSuite.dylib
0x0000000026a6c000 	/usr/lib/libc++.1.dylib
0x0000000026a6c000 	/usr/lib/libc++abi.dylib
0x0000000026a6c000 	/usr/lib/system/libcache.dylib
0x0000000026a6c000 	/usr/lib/system/libcommonCrypto.dylib
0x0000000026a6c000 	/usr/lib/system/libcompiler_rt.dylib
0x0000000026a6c000 	/usr/lib/system/libcopyfile.dylib
0x0000000026a6c000 	/usr/lib/system/libcorecrypto.dylib
0x0000000026a6c000 	/usr/lib/system/libdispatch.dylib
0x0000000026a6c000 	/usr/lib/system/libdyld.dylib
0x0000000026a6c000 	/usr/lib/system/libkeymgr.dylib
0x0000000026a6c000 	/usr/lib/system/liblaunch.dylib
0x0000000026a6c000 	/usr/lib/system/libmacho.dylib
0x0000000026a6c000 	/usr/lib/system/libquarantine.dylib
0x0000000026a6c000 	/usr/lib/system/libremovefile.dylib
0x0000000026a6c000 	/usr/lib/system/libsystem_asl.dylib
0x0000000026a6c000 	/usr/lib/system/libsystem_blocks.dylib
0x0000000026a6c000 	/usr/lib/system/libsystem_c.dylib
0x0000000026a6c000 	/usr/lib/system/libsystem_configuration.dylib
0x0000000026a6c000 	/usr/lib/system/libsystem_coreservices.dylib
0x0000000026a6c000 	/usr/lib/system/libsystem_darwin.dylib
0x0000000026a6c000 	/usr/lib/system/libsystem_dnssd.dylib
0x0000000026a6c000 	/usr/lib/system/libsystem_info.dylib
0x0000000026a6c000 	/usr/lib/system/libsystem_m.dylib
0x0000000026a6c000 	/usr/lib/system/libsystem_malloc.dylib
0x0000000026a6c000 	/usr/lib/system/libsystem_networkextension.dylib
0x0000000026a6c000 	/usr/lib/system/libsystem_notify.dylib
0x0000000026a6c000 	/usr/lib/system/libsystem_sandbox.dylib
0x0000000026a6c000 	/usr/lib/system/libsystem_secinit.dylib
0x0000000026a6c000 	/usr/lib/system/libsystem_kernel.dylib
0x0000000026a6c000 	/usr/lib/system/libsystem_platform.dylib
0x0000000026a6c000 	/usr/lib/system/libsystem_pthread.dylib
0x0000000026a6c000 	/usr/lib/system/libsystem_symptoms.dylib
0x0000000026a6c000 	/usr/lib/system/libsystem_trace.dylib
0x0000000026a6c000 	/usr/lib/system/libunwind.dylib
0x0000000026a6c000 	/usr/lib/system/libxpc.dylib
0x0000000026a6c000 	/usr/lib/libbsm.0.dylib
0x0000000026a6c000 	/usr/lib/system/libkxld.dylib
0x0000000026a6c000 	/System/Library/PrivateFrameworks/AppleFSCompression.framework/Versions/A/AppleFSCompression
0x0000000026a6c000 	/usr/lib/libOpenScriptingUtil.dylib
0x0000000026a6c000 	/usr/lib/libcoretls.dylib
0x0000000026a6c000 	/usr/lib/libcoretls_cfhelpers.dylib
0x0000000026a6c000 	/usr/lib/libpam.2.dylib
0x0000000026a6c000 	/usr/lib/libsqlite3.dylib
0x0000000026a6c000 	/usr/lib/libxar.1.dylib
0x0000000026a6c000 	/usr/lib/libbz2.1.0.dylib
0x0000000026a6c000 	/usr/lib/liblzma.5.dylib
0x0000000026a6c000 	/usr/lib/libnetwork.dylib
0x0000000026a6c000 	/usr/lib/libapple_nghttp2.dylib
0x0000000026a6c000 	/usr/lib/libpcap.A.dylib
0x0000000026a6c000 	/System/Library/Frameworks/CoreServices.framework/Versions/A/Frameworks/FSEvents.framework/Versions/A/FSEvents
0x0000000026a6c000 	/System/Library/Frameworks/CoreServices.framework/Versions/A/Frameworks/CarbonCore.framework/Versions/A/CarbonCore
0x0000000026a6c000 	/System/Library/Frameworks/CoreServices.framework/Versions/A/Frameworks/Metadata.framework/Versions/A/Metadata
0x0000000026a6c000 	/System/Library/Frameworks/CoreServices.framework/Versions/A/Frameworks/OSServices.framework/Versions/A/OSServices
0x0000000026a6c000 	/System/Library/Frameworks/CoreServices.framework/Versions/A/Frameworks/SearchKit.framework/Versions/A/SearchKit
0x0000000026a6c000 	/System/Library/Frameworks/CoreServices.framework/Versions/A/Frameworks/AE.framework/Versions/A/AE
0x0000000026a6c000 	/System/Library/Frameworks/CoreServices.framework/Versions/A/Frameworks/LaunchServices.framework/Versions/A/LaunchServices
0x0000000026a6c000 	/System/Library/Frameworks/CoreServices.framework/Versions/A/Frameworks/DictionaryServices.framework/Versions/A/DictionaryServices
0x0000000026a6c000 	/System/Library/Frameworks/CoreServices.framework/Versions/A/Frameworks/SharedFileList.framework/Versions/A/SharedFileList
0x0000000026a6c000 	/System/Library/Frameworks/NetFS.framework/Versions/A/NetFS
0x0000000026a6c000 	/System/Library/PrivateFrameworks/NetAuth.framework/Versions/A/NetAuth
0x0000000026a6c000 	/System/Library/PrivateFrameworks/login.framework/Versions/A/Frameworks/loginsupport.framework/Versions/A/loginsupport
0x0000000026a6c000 	/System/Library/PrivateFrameworks/TCC.framework/Versions/A/TCC
0x0000000026a6c000 	/System/Library/PrivateFrameworks/CoreNLP.framework/Versions/A/CoreNLP
0x0000000026a6c000 	/System/Library/PrivateFrameworks/MetadataUtilities.framework/Versions/A/MetadataUtilities
0x0000000026a6c000 	/usr/lib/libmecabra.dylib
0x0000000026a6c000 	/System/Library/Frameworks/ApplicationServices.framework/Versions/A/Frameworks/ATS.framework/Versions/A/ATS
0x0000000026a6c000 	/System/Library/Frameworks/ApplicationServices.framework/Versions/A/Frameworks/ColorSyncLegacy.framework/Versions/A/ColorSyncLegacy
0x0000000026a6c000 	/System/Library/Frameworks/ApplicationServices.framework/Versions/A/Frameworks/HIServices.framework/Versions/A/HIServices
0x0000000026a6c000 	/System/Library/Frameworks/ApplicationServices.framework/Versions/A/Frameworks/LangAnalysis.framework/Versions/A/LangAnalysis
0x0000000026a6c000 	/System/Library/Frameworks/ApplicationServices.framework/Versions/A/Frameworks/PrintCore.framework/Versions/A/PrintCore
0x0000000026a6c000 	/System/Library/Frameworks/ApplicationServices.framework/Versions/A/Frameworks/QD.framework/Versions/A/QD
0x0000000026a6c000 	/System/Library/Frameworks/ApplicationServices.framework/Versions/A/Frameworks/SpeechSynthesis.framework/Versions/A/SpeechSynthesis
0x0000000026a6c000 	/usr/lib/libcompression.dylib
0x0000000026a6c000 	/System/Library/Frameworks/CoreDisplay.framework/Versions/A/CoreDisplay
0x0000000026a6c000 	/System/Library/Frameworks/MetalPerformanceShaders.framework/Versions/A/MetalPerformanceShaders
0x0000000026a6c000 	/System/Library/Frameworks/Accelerate.framework/Versions/A/Frameworks/vImage.framework/Versions/A/vImage
0x0000000026a6c000 	/System/Library/Frameworks/Accelerate.framework/Versions/A/Frameworks/vecLib.framework/Versions/A/vecLib
0x0000000026a6c000 	/System/Library/Frameworks/Accelerate.framework/Versions/A/Frameworks/vecLib.framework/Versions/A/libvMisc.dylib
0x0000000026a6c000 	/System/Library/Frameworks/Accelerate.framework/Versions/A/Frameworks/vecLib.framework/Versions/A/libvDSP.dylib
0x0000000026a6c000 	/System/Library/Frameworks/Accelerate.framework/Versions/A/Frameworks/vecLib.framework/Versions/A/libBLAS.dylib
0x0000000026a6c000 	/System/Library/Frameworks/Accelerate.framework/Versions/A/Frameworks/vecLib.framework/Versions/A/libLAPACK.dylib
0x0000000026a6c000 	/System/Library/Frameworks/Accelerate.framework/Versions/A/Frameworks/vecLib.framework/Versions/A/libLinearAlgebra.dylib
0x0000000026a6c000 	/System/Library/Frameworks/Accelerate.framework/Versions/A/Frameworks/vecLib.framework/Versions/A/libSparseBLAS.dylib
0x0000000026a6c000 	/System/Library/Frameworks/Accelerate.framework/Versions/A/Frameworks/vecLib.framework/Versions/A/libQuadrature.dylib
0x0000000026a6c000 	/System/Library/Frameworks/Accelerate.framework/Versions/A/Frameworks/vecLib.framework/Versions/A/libBNNS.dylib
0x0000000026a6c000 	/System/Library/Frameworks/Accelerate.framework/Versions/A/Frameworks/vecLib.framework/Versions/A/libSparse.dylib
0x0000000026a6c000 	/System/Library/PrivateFrameworks/GPUWrangler.framework/Versions/A/GPUWrangler
0x0000000026a6c000 	/System/Library/PrivateFrameworks/IOAccelerator.framework/Versions/A/IOAccelerator
0x0000000026a6c000 	/System/Library/PrivateFrameworks/IOPresentment.framework/Versions/A/IOPresentment
0x0000000026a6c000 	/System/Library/PrivateFrameworks/DSExternalDisplay.framework/Versions/A/DSExternalDisplay
0x0000000026a6c000 	/System/Library/Frameworks/OpenGL.framework/Versions/A/Libraries/libCoreFSCache.dylib
0x0000000026a6c000 	/System/Library/Frameworks/MetalPerformanceShaders.framework/Frameworks/MPSCore.framework/Versions/A/MPSCore
0x0000000026a6c000 	/System/Library/Frameworks/MetalPerformanceShaders.framework/Frameworks/MPSImage.framework/Versions/A/MPSImage
0x0000000026a6c000 	/System/Library/Frameworks/MetalPerformanceShaders.framework/Frameworks/MPSNeuralNetwork.framework/Versions/A/MPSNeuralNetwork
0x0000000026a6c000 	/System/Library/Frameworks/MetalPerformanceShaders.framework/Frameworks/MPSMatrix.framework/Versions/A/MPSMatrix
0x0000000026a6c000 	/System/Library/Frameworks/MetalPerformanceShaders.framework/Frameworks/MPSRayIntersector.framework/Versions/A/MPSRayIntersector
0x0000000026a6c000 	/System/Library/PrivateFrameworks/MetalTools.framework/Versions/A/MetalTools
0x0000000026a6c000 	/System/Library/PrivateFrameworks/AggregateDictionary.framework/Versions/A/AggregateDictionary
0x0000000026a6c000 	/usr/lib/libMobileGestalt.dylib
0x0000000026a6c000 	/System/Library/Frameworks/CoreVideo.framework/Versions/A/CoreVideo
0x0000000026a6c000 	/System/Library/PrivateFrameworks/GraphVisualizer.framework/Versions/A/GraphVisualizer
0x0000000026a6c000 	/System/Library/PrivateFrameworks/FaceCore.framework/Versions/A/FaceCore
0x0000000026a6c000 	/System/Library/Frameworks/OpenCL.framework/Versions/A/OpenCL
0x0000000026a6c000 	/usr/lib/libFosl_dynamic.dylib
0x0000000026a6c000 	/System/Library/PrivateFrameworks/OTSVG.framework/Versions/A/OTSVG
0x0000000026a6c000 	/System/Library/Frameworks/ApplicationServices.framework/Versions/A/Frameworks/ATS.framework/Versions/A/Resources/libFontParser.dylib
0x0000000026a6c000 	/System/Library/Frameworks/ApplicationServices.framework/Versions/A/Frameworks/ATS.framework/Versions/A/Resources/libFontRegistry.dylib
0x0000000026a6c000 	/System/Library/Frameworks/ImageIO.framework/Versions/A/Resources/libJPEG.dylib
0x0000000026a6c000 	/System/Library/Frameworks/ImageIO.framework/Versions/A/Resources/libTIFF.dylib
0x0000000026a6c000 	/System/Library/Frameworks/ImageIO.framework/Versions/A/Resources/libPng.dylib
0x0000000026a6c000 	/System/Library/Frameworks/ImageIO.framework/Versions/A/Resources/libGIF.dylib
0x0000000026a6c000 	/System/Library/Frameworks/ImageIO.framework/Versions/A/Resources/libJP2.dylib
0x0000000026a6c000 	/System/Library/Frameworks/ImageIO.framework/Versions/A/Resources/libRadiance.dylib
0x0000000026a6c000 	/System/Library/PrivateFrameworks/AppleJPEG.framework/Versions/A/AppleJPEG
0x0000000026a6c000 	/System/Library/Frameworks/OpenGL.framework/Versions/A/Libraries/libGFXShared.dylib
0x0000000026a6c000 	/System/Library/Frameworks/OpenGL.framework/Versions/A/Libraries/libGLU.dylib
0x0000000026a6c000 	/System/Library/Frameworks/OpenGL.framework/Versions/A/Libraries/libGL.dylib
0x0000000026a6c000 	/System/Library/Frameworks/OpenGL.framework/Versions/A/Libraries/libGLImage.dylib
0x0000000026a6c000 	/System/Library/Frameworks/OpenGL.framework/Versions/A/Libraries/libCVMSPluginSupport.dylib
0x0000000026a6c000 	/System/Library/Frameworks/OpenGL.framework/Versions/A/Libraries/libCoreVMClient.dylib
0x0000000026a6c000 	/usr/lib/libcups.2.dylib
0x0000000026a6c000 	/System/Library/Frameworks/Kerberos.framework/Versions/A/Kerberos
0x0000000026a6c000 	/System/Library/Frameworks/GSS.framework/Versions/A/GSS
0x0000000026a6c000 	/usr/lib/libresolv.9.dylib
0x0000000026a6c000 	/usr/lib/libiconv.2.dylib
0x0000000026a6c000 	/System/Library/PrivateFrameworks/Heimdal.framework/Versions/A/Heimdal
0x0000000026a6c000 	/usr/lib/libheimdal-asn1.dylib
0x0000000026a6c000 	/System/Library/Frameworks/OpenDirectory.framework/Versions/A/OpenDirectory
0x0000000026a6c000 	/System/Library/PrivateFrameworks/CommonAuth.framework/Versions/A/CommonAuth
0x0000000026a6c000 	/System/Library/Frameworks/OpenDirectory.framework/Versions/A/Frameworks/CFOpenDirectory.framework/Versions/A/CFOpenDirectory
0x0000000026a6c000 	/System/Library/Frameworks/SecurityFoundation.framework/Versions/A/SecurityFoundation
0x0000000026a6c000 	/System/Library/PrivateFrameworks/APFS.framework/Versions/A/APFS
0x0000000026a6c000 	/usr/lib/libutil.dylib
0x0000000026a6c000 	/usr/lib/libcharset.1.dylib
0x0000000026a6c000 	/System/Library/PrivateFrameworks/AppleSauce.framework/Versions/A/AppleSauce
0x0000000026a6c000 	/System/Library/PrivateFrameworks/AssertionServices.framework/Versions/A/AssertionServices
0x0000000026a6c000 	/System/Library/PrivateFrameworks/BaseBoard.framework/Versions/A/BaseBoard
0x0000000026a6c000 	/usr/lib/libmecab.1.0.0.dylib
0x0000000026a6c000 	/usr/lib/libgermantok.dylib
0x0000000026a6c000 	/usr/lib/libThaiTokenizer.dylib
0x0000000026a6c000 	/usr/lib/libChineseTokenizer.dylib
0x0000000026a6c000 	/System/Library/PrivateFrameworks/LanguageModeling.framework/Versions/A/LanguageModeling
0x0000000026a6c000 	/System/Library/PrivateFrameworks/CoreEmoji.framework/Versions/A/CoreEmoji
0x0000000026a6c000 	/System/Library/PrivateFrameworks/Lexicon.framework/Versions/A/Lexicon
0x0000000026a6c000 	/System/Library/PrivateFrameworks/LinguisticData.framework/Versions/A/LinguisticData
0x0000000026a6c000 	/usr/lib/libcmph.dylib
0x0000000026a6c000 	/System/Library/Frameworks/ServiceManagement.framework/Versions/A/ServiceManagement
0x0000000026a6c000 	/System/Library/PrivateFrameworks/BackgroundTaskManagement.framework/Versions/A/BackgroundTaskManagement
0x0000000026a6c000 	/usr/lib/libxslt.1.dylib
0x0000000026a6c000 	/System/Library/Frameworks/Carbon.framework/Versions/A/Frameworks/Ink.framework/Versions/A/Ink
0x0000000026a6c000 	/System/Library/PrivateFrameworks/TextureIO.framework/Versions/A/TextureIO
0x0000000026a6c000 	/usr/lib/libate.dylib
0x0000000026a6c000 	/System/Library/PrivateFrameworks/CrashReporterSupport.framework/Versions/A/CrashReporterSupport
0x0000000026a6c000 	/System/Library/PrivateFrameworks/Sharing.framework/Versions/A/Sharing
0x0000000026a6c000 	/System/Library/PrivateFrameworks/AuthKit.framework/Versions/A/AuthKit
0x0000000026a6c000 	/System/Library/PrivateFrameworks/Apple80211.framework/Versions/A/Apple80211
0x0000000026a6c000 	/System/Library/PrivateFrameworks/CoreUtils.framework/Versions/A/CoreUtils
0x0000000026a6c000 	/System/Library/Frameworks/CoreWLAN.framework/Versions/A/CoreWLAN
0x0000000026a6c000 	/System/Library/Frameworks/IOBluetooth.framework/Versions/A/IOBluetooth
0x0000000026a6c000 	/System/Library/PrivateFrameworks/ProtocolBuffer.framework/Versions/A/ProtocolBuffer
0x0000000026a6c000 	/System/Library/PrivateFrameworks/MobileKeyBag.framework/Versions/A/MobileKeyBag
0x0000000026a6c000 	/System/Library/PrivateFrameworks/CorePhoneNumbers.framework/Versions/A/CorePhoneNumbers
0x0000000026a6c000 	/System/Library/PrivateFrameworks/AppleIDAuthSupport.framework/Versions/A/AppleIDAuthSupport
0x0000000026a6c000 	/System/Library/PrivateFrameworks/KeychainCircle.framework/Versions/A/KeychainCircle
0x0000000026a6c000 	/System/Library/PrivateFrameworks/ROCKit.framework/Versions/A/ROCKit
0x0000000026a6c000 	/System/Library/PrivateFrameworks/CoreWiFi.framework/Versions/A/CoreWiFi
0x0000000026a6c000 	/System/Library/Frameworks/CoreBluetooth.framework/Versions/A/CoreBluetooth
0x0000000026a6c000 	/System/Library/PrivateFrameworks/DebugSymbols.framework/Versions/A/DebugSymbols
0x0000000026a6c000 	/System/Library/PrivateFrameworks/CoreSymbolication.framework/Versions/A/CoreSymbolication
0x0000000026a6c000 	/System/Library/PrivateFrameworks/Symbolication.framework/Versions/A/Symbolication
0x0000000026a6c000 	/System/Library/PrivateFrameworks/SpeechRecognitionCore.framework/Versions/A/SpeechRecognitionCore
0x0000000026a6c000 	/System/Library/CoreServices/Encodings/libSimplifiedChineseConverter.dylib
0x0000000103000000 	/Library/Java/JavaVirtualMachines/jdk1.8.0_171.jdk/Contents/Home/jre/lib/server/libjvm.dylib
0x0000000026a6c000 	/usr/lib/libstdc++.6.dylib
0x0000000102637000 	/Library/Java/JavaVirtualMachines/jdk1.8.0_171.jdk/Contents/Home/jre/lib/libverify.dylib
0x0000000102645000 	/Library/Java/JavaVirtualMachines/jdk1.8.0_171.jdk/Contents/Home/jre/lib/libjava.dylib
0x000000010267c000 	/Library/Java/JavaVirtualMachines/jdk1.8.0_171.jdk/Contents/Home/jre/lib/libjdwp.dylib
0x00000001026c7000 	/Library/Java/JavaVirtualMachines/jdk1.8.0_171.jdk/Contents/Home/jre/lib/libnpt.dylib
0x00000001026cb000 	/Library/Java/JavaVirtualMachines/jdk1.8.0_171.jdk/Contents/Home/jre/lib/libinstrument.dylib
0x0000000102769000 	/Library/Java/JavaVirtualMachines/jdk1.8.0_171.jdk/Contents/Home/jre/lib/libzip.dylib
0x000000010a86b000 	/Library/Java/JavaVirtualMachines/jdk1.8.0_171.jdk/Contents/Home/jre/lib/libdt_socket.dylib

VM Arguments:
jvm_args: -agentlib:jdwp=transport=dt_socket,address=127.0.0.1:54460,suspend=y,server=n -javaagent:/Users/tangzh/Library/Caches/IntelliJIdea2018.2/captureAgent/debugger-agent.jar=file:/private/var/folders/hr/06dh3dqx0_33c5mykx53fxc00000gn/T/capture.props -Dfile.encoding=UTF-8 
java_command: com.edu.JavaLearning.collection.MapLearning
java_class_path (initial): /Library/Java/JavaVirtualMachines/jdk1.8.0_171.jdk/Contents/Home/jre/lib/charsets.jar:/Library/Java/JavaVirtualMachines/jdk1.8.0_171.jdk/Contents/Home/jre/lib/deploy.jar:/Library/Java/JavaVirtualMachines/jdk1.8.0_171.jdk/Contents/Home/jre/lib/ext/cldrdata.jar:/Library/Java/JavaVirtualMachines/jdk1.8.0_171.jdk/Contents/Home/jre/lib/ext/dnsns.jar:/Library/Java/JavaVirtualMachines/jdk1.8.0_171.jdk/Contents/Home/jre/lib/ext/jaccess.jar:/Library/Java/JavaVirtualMachines/jdk1.8.0_171.jdk/Contents/Home/jre/lib/ext/jfxrt.jar:/Library/Java/JavaVirtualMachines/jdk1.8.0_171.jdk/Contents/Home/jre/lib/ext/localedata.jar:/Library/Java/JavaVirtualMachines/jdk1.8.0_171.jdk/Contents/Home/jre/lib/ext/nashorn.jar:/Library/Java/JavaVirtualMachines/jdk1.8.0_171.jdk/Contents/Home/jre/lib/ext/sunec.jar:/Library/Java/JavaVirtualMachines/jdk1.8.0_171.jdk/Contents/Home/jre/lib/ext/sunjce_provider.jar:/Library/Java/JavaVirtualMachines/jdk1.8.0_171.jdk/Contents/Home/jre/lib/ext/sunpkcs11.jar:/Library/Java/JavaVirtualMachines/jdk1.8.0_171.jdk/Contents/Home/jre/lib/ext/zipfs.jar:/Library/Java/JavaVirtualMachines/jdk1.8.0_171.jdk/Contents/Home/jre/lib/javaws.jar:/Library/Java/JavaVirtualMachines/jdk1.8.0_171.jdk/Contents/Home/jre/lib/jce.jar:/Library/Java/JavaVirtualMachines/jdk1.8.0_171.jdk/Contents/Home/jre/lib/jfr.jar:/Library/Java/JavaVirtualMachines/jdk1.8.0_171.jdk/Contents/Home/jre/lib/jfxswt.jar:/Library/Java/JavaVirtualMachines/jdk1.8.0_171.jdk/Contents/Home/jre/lib/jsse.jar:/Library/Java/JavaVirtualMachines/jdk1.8.0_171.jdk/Contents/Home/jre/lib/management-agent.jar:/Library/Java/JavaVirtualMachines/jdk1.8.0_171.jdk/Contents/Home/jre/lib/plugin.jar:/Library/Java/JavaVirtualMachines/jdk1.8.0_171.jdk/Contents/Home/jre/lib/resources.jar:/Library/Java/JavaVirtualMachines/jdk1.8.0_171.jdk/Contents/Home/jre/lib/rt.jar:/Library/Java/JavaVirtualMachines/jdk1.8.0_171.jdk/Contents/Home/lib/ant-javafx.jar:/Library/Java/JavaVirtualMachines/jdk1.8.0_171.jdk/Contents/Home
Launcher Type: SUN_STANDARD

Environment Variables:
PATH=/Library/Frameworks/Python.framework/Versions/3.7/bin:/usr/local/bin:/usr/bin:/bin:/usr/sbin:/sbin
SHELL=/bin/bash

Signal Handlers:
SIGSEGV: [libjvm.dylib+0x5b512d], sa_mask[0]=11111111011111110111111111111111, sa_flags=SA_ONSTACK|SA_RESTART|SA_SIGINFO
SIGBUS: [libjvm.dylib+0x5b512d], sa_mask[0]=11111111011111110111111111111111, sa_flags=SA_RESTART|SA_SIGINFO
SIGFPE: [libjvm.dylib+0x48aa90], sa_mask[0]=11111111011111110111111111111111, sa_flags=SA_RESTART|SA_SIGINFO
SIGPIPE: [libjvm.dylib+0x48aa90], sa_mask[0]=11111111011111110111111111111111, sa_flags=SA_RESTART|SA_SIGINFO
SIGXFSZ: [libjvm.dylib+0x48aa90], sa_mask[0]=11111111011111110111111111111111, sa_flags=SA_RESTART|SA_SIGINFO
SIGILL: [libjvm.dylib+0x48aa90], sa_mask[0]=11111111011111110111111111111111, sa_flags=SA_RESTART|SA_SIGINFO
SIGUSR1: SIG_DFL, sa_mask[0]=00000000000000000000000000000000, sa_flags=none
SIGUSR2: [libjvm.dylib+0x48a5ae], sa_mask[0]=00100000000000000000000000000000, sa_flags=SA_RESTART|SA_SIGINFO
SIGHUP: [libjvm.dylib+0x488b79], sa_mask[0]=11111111011111110111111111111111, sa_flags=SA_RESTART|SA_SIGINFO
SIGINT: [libjvm.dylib+0x488b79], sa_mask[0]=11111111011111110111111111111111, sa_flags=SA_RESTART|SA_SIGINFO
SIGTERM: [libjvm.dylib+0x488b79], sa_mask[0]=11111111011111110111111111111111, sa_flags=SA_RESTART|SA_SIGINFO
SIGQUIT: [libjvm.dylib+0x488b79], sa_mask[0]=11111111011111110111111111111111, sa_flags=SA_RESTART|SA_SIGINFO


---------------  S Y S T E M  ---------------

OS:Bsduname:Darwin 18.0.0 Darwin Kernel Version 18.0.0: Wed Aug 22 20:13:40 PDT 2018; root:xnu-4903.201.2~1/RELEASE_X86_64 x86_64
rlimit: STACK 8192k, CORE 0k, NPROC 709, NOFILE 10240, AS infinity
load average:1.77 2.31 2.19

CPU:total 4 (initial active 4) (2 cores per cpu, 2 threads per core) family 6 model 142 stepping 9, cmov, cx8, fxsr, mmx, sse, sse2, sse3, ssse3, sse4.1, sse4.2, popcnt, avx, avx2, aes, clmul, erms, rtm, 3dnowpref, lzcnt, ht, tsc, tscinvbit, bmi1, bmi2, adx

Memory: 4k page, physical 8388608k(116868k free)

/proc/meminfo:


vm_info: Java HotSpot(TM) 64-Bit Server VM (25.171-b11) for bsd-amd64 JRE (1.8.0_171-b11), built on Mar 28 2018 12:50:57 by "java_re" with gcc 4.2.1 (Based on Apple Inc. build 5658) (LLVM build 2336.11.00)

time: Thu Dec 13 14:27:16 2018
elapsed time: 37 seconds (0d 0h 0m 37s)

