#
# A fatal error has been detected by the Java Runtime Environment:
#
#  SIGSEGV (0xb) at pc=0x00000001183d89f8, pid=2862, tid=0x0000000000001803
#
# JRE version: Java(TM) SE Runtime Environment (8.0_171-b11) (build 1.8.0_171-b11)
# Java VM: Java HotSpot(TM) 64-Bit Server VM (25.171-b11 mixed mode bsd-amd64 compressed oops)
# Problematic frame:
# j  com.edu.JavaLearning.collection.MapLearning.main([Ljava/lang/String;)V+520
#
# Failed to write core dump. Core dumps have been disabled. To enable core dumping, try "ulimit -c unlimited" before starting Java again
#
# If you would like to submit a bug report, please visit:
#   http://bugreport.java.com/bugreport/crash.jsp
#

---------------  T H R E A D  ---------------

Current thread (0x00007f9fd2801800):  JavaThread "main" [_thread_in_Java, id=6147, stack(0x000070000bf58000,0x000070000c058000)]

siginfo: si_signo: 11 (SIGSEGV), si_code: 1 (SEGV_MAPERR), si_addr: 0x0000000003a00350

Registers:
RAX=0x00000007c0007340, RBX=0x0000000000000121, RCX=0x000000010cc28360, RDX=0x0000000003a00348
RSP=0x000070000c0578e8, RBP=0x000070000c057928, RSI=0x0000000000000007, RDI=0x0000000000000000
R8 =0x0000000000000000, R9 =0x0000000000000005, R10=0x0000000000000000, R11=0x0000000000000002
R12=0x0000000000000000, R13=0x00000001126fa4e0, R14=0x000070000c057968, R15=0x00007f9fd2801800
RIP=0x00000001183d89f8, EFLAGS=0x0000000000010246, ERR=0x0000000000000004
  TRAPNO=0x000000000000000e

Top of Stack: (sp=0x000070000c0578e8)
0x000070000c0578e8:   000070000c0578e8 00000001126fa4e0
0x000070000c0578f8:   000070000c057968 00000001126fa858
0x000070000c057908:   0000000000000000 00000001126fa598
0x000070000c057918:   0000000000000000 000070000c057968
0x000070000c057928:   000070000c0579d0 00000001183a47a7
0x000070000c057938:   0000000000000000 00000007957fecc0
0x000070000c057948:   00000007955840e8 0000000795583520
0x000070000c057958:   0000000795582fd0 0000000740010368
0x000070000c057968:   0000000740010358 0000000100001fa0
0x000070000c057978:   000000000000000a 00007f9fd2801800
0x000070000c057988:   0000000000000001 00000001183a471f
0x000070000c057998:   00000001126fa598 000070000c057a68
0x000070000c0579a8:   000070000c057df0 000000010000000a
0x000070000c0579b8:   00000001126fa598 00000001183bd4c0
0x000070000c0579c8:   000070000c057ba8 000070000c057b80
0x000070000c0579d8:   000000010c6ef1f6 0000000000000001
0x000070000c0579e8:   00007f9fd2801800 0000000000000000
0x000070000c0579f8:   000070000c057df0 0000000000000000
0x000070000c057a08:   00000001183bd4c0 00febabecafebabe
0x000070000c057a18:   000070000c057ba0 000070000c057de8
0x000070000c057a28:   00007f9fd2801800 00007f9fd2801800
0x000070000c057a38:   00007f9fd0f00830 00007f9fd0f00870
0x000070000c057a48:   00007f9fd0f00880 00007f9fd0f00958
0x000070000c057a58:   00000000000000d8 00007f9fd0f00710
0x000070000c057a68:   00007f9fd2801800 00007f9fd0f01850
0x000070000c057a78:   00000001126fa598 0000000000000000
0x000070000c057a88:   0000000000000000 0000000000000000
0x000070000c057a98:   0000000000000000 000070000c057de8
0x000070000c057aa8:   000000010c6b5f72 000070000c057ae0
0x000070000c057ab8:   00000001126fa598 00007f9fd2801800
0x000070000c057ac8:   000070000c057b30 000070000c057b30
0x000070000c057ad8:   0000000112aef6e0 000070000c057b20 

Instructions: (pc=0x00000001183d89f8)
0x00000001183d89d8:   40 02 00 00 49 ba 00 00 00 00 00 00 00 00 4d 89
0x00000001183d89e8:   97 40 02 00 00 5a eb 08 48 8b d0 48 8b 44 d9 50
0x00000001183d89f8:   8b 5a 08 48 c1 e3 03 48 8b 4d e0 48 85 c9 0f 84
0x00000001183d8a08:   8a 00 00 00 48 8b 79 10 48 3b fb 0f 85 0f 00 00 

Register to memory mapping:

RAX=0x00000007c0007340 is pointing into metadata
RBX=0x0000000000000121 is an unknown value
RCX=0x000000010cc28360: UseMembar+0 in /Library/Java/JavaVirtualMachines/jdk1.8.0_171.jdk/Contents/Home/jre/lib/server/libjvm.dylib at 0x000000010c400000
RDX=0x0000000003a00348 is an unknown value
RSP=0x000070000c0578e8 is pointing into the stack for thread: 0x00007f9fd2801800
RBP=0x000070000c057928 is pointing into the stack for thread: 0x00007f9fd2801800
RSI=0x0000000000000007 is an unknown value
RDI=0x0000000000000000 is an unknown value
R8 =0x0000000000000000 is an unknown value
R9 =0x0000000000000005 is an unknown value
R10=0x0000000000000000 is an unknown value
R11=0x0000000000000002 is an unknown value
R12=0x0000000000000000 is an unknown value
R13=0x00000001126fa4e0 is pointing into metadata
R14=0x000070000c057968 is pointing into the stack for thread: 0x00007f9fd2801800
R15=0x00007f9fd2801800 is a thread


Stack: [0x000070000bf58000,0x000070000c058000],  sp=0x000070000c0578e8,  free space=1022k
Native frames: (J=compiled Java code, j=interpreted, Vv=VM code, C=native code)
j  com.edu.JavaLearning.collection.MapLearning.main([Ljava/lang/String;)V+520
v  ~StubRoutines::call_stub
V  [libjvm.dylib+0x2ef1f6]  JavaCalls::call_helper(JavaValue*, methodHandle*, JavaCallArguments*, Thread*)+0x6ae
V  [libjvm.dylib+0x326185]  jni_invoke_static(JNIEnv_*, JavaValue*, _jobject*, JNICallType, _jmethodID*, JNI_ArgumentPusher*, Thread*)+0x1bf
V  [libjvm.dylib+0x31ef11]  jni_CallStaticVoidMethod+0x15d
C  [java+0x38ca]  JavaMain+0x9c4
C  [libsystem_pthread.dylib+0x333d]  _pthread_body+0x7e
C  [libsystem_pthread.dylib+0x62a7]  _pthread_start+0x46
C  [libsystem_pthread.dylib+0x2425]  thread_start+0xd
C  0x0000000000000000


---------------  P R O C E S S  ---------------

Java Threads: ( => current thread )
  0x00007f9fd184f000 JavaThread "Service Thread" daemon [_thread_blocked, id=16131, stack(0x000070000ce85000,0x000070000cf85000)]
  0x00007f9fd2034800 JavaThread "C1 CompilerThread2" daemon [_thread_blocked, id=15619, stack(0x000070000cd82000,0x000070000ce82000)]
  0x00007f9fd2033800 JavaThread "C2 CompilerThread1" daemon [_thread_blocked, id=18435, stack(0x000070000cc7f000,0x000070000cd7f000)]
  0x00007f9fd2ac3000 JavaThread "C2 CompilerThread0" daemon [_thread_blocked, id=15107, stack(0x000070000cb7c000,0x000070000cc7c000)]
  0x00007f9fd282e800 JavaThread "JDWP Command Reader" daemon [_thread_in_native, id=14851, stack(0x000070000ca79000,0x000070000cb79000)]
  0x00007f9fd2042800 JavaThread "JDWP Event Helper Thread" daemon [_thread_blocked, id=14339, stack(0x000070000c976000,0x000070000ca76000)]
  0x00007f9fd2041800 JavaThread "JDWP Transport Listener: dt_socket" daemon [_thread_blocked, id=14087, stack(0x000070000c873000,0x000070000c973000)]
  0x00007f9fd1005800 JavaThread "Signal Dispatcher" daemon [_thread_blocked, id=19203, stack(0x000070000c770000,0x000070000c870000)]
  0x00007f9fd1011800 JavaThread "Finalizer" daemon [_thread_blocked, id=12291, stack(0x000070000c66d000,0x000070000c76d000)]
  0x00007f9fd2022000 JavaThread "Reference Handler" daemon [_thread_blocked, id=20739, stack(0x000070000c56a000,0x000070000c66a000)]
=>0x00007f9fd2801800 JavaThread "main" [_thread_in_Java, id=6147, stack(0x000070000bf58000,0x000070000c058000)]

Other Threads:
  0x00007f9fd182b000 VMThread [stack: 0x000070000c467000,0x000070000c567000] [id=11523]
  0x00007f9fd2ac4000 WatcherThread [stack: 0x000070000cf88000,0x000070000d088000] [id=17923]

VM state:not at safepoint (normal execution)

VM Mutex/Monitor currently owned by a thread: None

Heap:
 PSYoungGen      total 38400K, used 2663K [0x0000000795580000, 0x0000000798000000, 0x00000007c0000000)
  eden space 33280K, 8% used [0x0000000795580000,0x0000000795819c58,0x0000000797600000)
  from space 5120K, 0% used [0x0000000797600000,0x0000000797600000,0x0000000797b00000)
  to   space 5120K, 0% used [0x0000000797b00000,0x0000000797b00000,0x0000000798000000)
 ParOldGen       total 87552K, used 1010K [0x0000000740000000, 0x0000000745580000, 0x0000000795580000)
  object space 87552K, 1% used [0x0000000740000000,0x00000007400fc860,0x0000000745580000)
 Metaspace       used 4120K, capacity 4756K, committed 4864K, reserved 1056768K
  class space    used 452K, capacity 504K, committed 512K, reserved 1048576K

Card table byte_map: [0x000000010d817000,0x000000010dc18000] byte_map_base: 0x0000000109e17000

Marking Bits: (ParMarkBitMap*) 0x000000010ccf76e0
 Begin Bits: [0x000000010dec3000, 0x000000010fec3000)
 End Bits:   [0x000000010fec3000, 0x0000000111ec3000)

Polling page: 0x000000010bbb1000

CodeCache: size=245760Kb used=1511Kb max_used=1511Kb free=244248Kb
 bounds [0x00000001183a4000, 0x0000000118614000, 0x00000001273a4000]
 total_blobs=499 nmethods=243 adapters=178
 compilation: enabled

Compilation events (10 events):
Event: 50.937 Thread 0x00007f9fd2034800  239       3       jdk.internal.org.objectweb.asm.ByteVector::putByteArray (49 bytes)
Event: 50.938 Thread 0x00007f9fd2034800 nmethod 239 0x000000011851bd90 code [0x000000011851bf20, 0x000000011851c258]
Event: 50.940 Thread 0x00007f9fd2034800  240       3       jdk.internal.org.objectweb.asm.ByteVector::putUTF8 (142 bytes)
Event: 50.941 Thread 0x00007f9fd2034800 nmethod 240 0x000000011851c350 code [0x000000011851c540, 0x000000011851cd58]
Event: 50.941 Thread 0x00007f9fd2034800  241       3       jdk.internal.org.objectweb.asm.ByteVector::enlarge (51 bytes)
Event: 50.942 Thread 0x00007f9fd2034800 nmethod 241 0x000000011851d290 code [0x000000011851d400, 0x000000011851d728]
Event: 50.942 Thread 0x00007f9fd2034800  242       3       com.intellij.rt.debugger.agent.CaptureAgent::access$200 (5 bytes)
Event: 50.943 Thread 0x00007f9fd2034800 nmethod 242 0x000000011851d810 code [0x000000011851d980, 0x000000011851dbd0]
Event: 50.943 Thread 0x00007f9fd2034800  243       3       com.intellij.rt.debugger.agent.CaptureAgent::getNotNull (12 bytes)
Event: 50.944 Thread 0x00007f9fd2034800 nmethod 243 0x000000011851dcd0 code [0x000000011851de40, 0x000000011851e030]

GC Heap History (4 events):
Event: 50.848 GC heap before
{Heap before GC invocations=1 (full 0):
 PSYoungGen      total 38400K, used 6008K [0x0000000795580000, 0x0000000798000000, 0x00000007c0000000)
  eden space 33280K, 18% used [0x0000000795580000,0x0000000795b5e1d8,0x0000000797600000)
  from space 5120K, 0% used [0x0000000797b00000,0x0000000797b00000,0x0000000798000000)
  to   space 5120K, 0% used [0x0000000797600000,0x0000000797600000,0x0000000797b00000)
 ParOldGen       total 87552K, used 0K [0x0000000740000000, 0x0000000745580000, 0x0000000795580000)
  object space 87552K, 0% used [0x0000000740000000,0x0000000740000000,0x0000000745580000)
 Metaspace       used 3195K, capacity 4568K, committed 4864K, reserved 1056768K
  class space    used 341K, capacity 392K, committed 512K, reserved 1048576K
Event: 50.853 GC heap after
Heap after GC invocations=1 (full 0):
 PSYoungGen      total 38400K, used 1123K [0x0000000795580000, 0x0000000798000000, 0x00000007c0000000)
  eden space 33280K, 0% used [0x0000000795580000,0x0000000795580000,0x0000000797600000)
  from space 5120K, 21% used [0x0000000797600000,0x0000000797718e40,0x0000000797b00000)
  to   space 5120K, 0% used [0x0000000797b00000,0x0000000797b00000,0x0000000798000000)
 ParOldGen       total 87552K, used 8K [0x0000000740000000, 0x0000000745580000, 0x0000000795580000)
  object space 87552K, 0% used [0x0000000740000000,0x0000000740002000,0x0000000745580000)
 Metaspace       used 3195K, capacity 4568K, committed 4864K, reserved 1056768K
  class space    used 341K, capacity 392K, committed 512K, reserved 1048576K
}
Event: 50.853 GC heap before
{Heap before GC invocations=2 (full 1):
 PSYoungGen      total 38400K, used 1123K [0x0000000795580000, 0x0000000798000000, 0x00000007c0000000)
  eden space 33280K, 0% used [0x0000000795580000,0x0000000795580000,0x0000000797600000)
  from space 5120K, 21% used [0x0000000797600000,0x0000000797718e40,0x0000000797b00000)
  to   space 5120K, 0% used [0x0000000797b00000,0x0000000797b00000,0x0000000798000000)
 ParOldGen       total 87552K, used 8K [0x0000000740000000, 0x0000000745580000, 0x0000000795580000)
  object space 87552K, 0% used [0x0000000740000000,0x0000000740002000,0x0000000745580000)
 Metaspace       used 3195K, capacity 4568K, committed 4864K, reserved 1056768K
  class space    used 341K, capacity 392K, committed 512K, reserved 1048576K
Event: 50.858 GC heap after
Heap after GC invocations=2 (full 1):
 PSYoungGen      total 38400K, used 0K [0x0000000795580000, 0x0000000798000000, 0x00000007c0000000)
  eden space 33280K, 0% used [0x0000000795580000,0x0000000795580000,0x0000000797600000)
  from space 5120K, 0% used [0x0000000797600000,0x0000000797600000,0x0000000797b00000)
  to   space 5120K, 0% used [0x0000000797b00000,0x0000000797b00000,0x0000000798000000)
 ParOldGen       total 87552K, used 1010K [0x0000000740000000, 0x0000000745580000, 0x0000000795580000)
  object space 87552K, 1% used [0x0000000740000000,0x00000007400fc860,0x0000000745580000)
 Metaspace       used 3195K, capacity 4568K, committed 4864K, reserved 1056768K
  class space    used 341K, capacity 392K, committed 512K, reserved 1048576K
}

Deoptimization events (1 events):
Event: 50.935 Thread 0x00007f9fd2801800 Uncommon trap: reason=unstable_if action=reinterpret pc=0x000000011850c744 method=jdk.internal.org.objectweb.asm.ByteVector.putUTF8(Ljava/lang/String;)Ljdk/internal/org/objectweb/asm/ByteVector; @ 98

Classes redefined (0 events):
No events

Internal exceptions (4 events):
Event: 0.043 Thread 0x00007f9fd2801800 Exception <a 'java/lang/NoSuchMethodError': Method sun.misc.Unsafe.defineClass(Ljava/lang/String;[BII)Ljava/lang/Class; name or signature does not match> (0x0000000795587cb0) thrown at [/Users/java_re/workspace/8-2-build-macosx-x86_64/jdk8u171/10807/hotsp
Event: 0.043 Thread 0x00007f9fd2801800 Exception <a 'java/lang/NoSuchMethodError': Method sun.misc.Unsafe.prefetchRead(Ljava/lang/Object;J)V name or signature does not match> (0x0000000795587f98) thrown at [/Users/java_re/workspace/8-2-build-macosx-x86_64/jdk8u171/10807/hotspot/src/share/vm/pr
Event: 50.900 Thread 0x00007f9fd2801800 Exception <a 'java/lang/NoSuchFieldError': method resolution failed> (0x0000000795755cc0) thrown at [/Users/java_re/workspace/8-2-build-macosx-x86_64/jdk8u171/10807/hotspot/src/share/vm/prims/methodHandles.cpp, line 1167]
Event: 50.901 Thread 0x00007f9fd2801800 Exception <a 'java/lang/NoSuchFieldError': method resolution failed> (0x00000007957638e0) thrown at [/Users/java_re/workspace/8-2-build-macosx-x86_64/jdk8u171/10807/hotspot/src/share/vm/prims/methodHandles.cpp, line 1167]

Events (10 events):
Event: 164.084 Executing VM operation: GetCurrentLocation
Event: 164.084 Executing VM operation: GetCurrentLocation done
Event: 164.084 Executing VM operation: ChangeSingleStep
Event: 164.084 Executing VM operation: ChangeSingleStep done
Event: 164.084 Executing VM operation: ChangeSingleStep
Event: 164.084 Executing VM operation: ChangeSingleStep done
Event: 164.085 Executing VM operation: GetCurrentLocation
Event: 164.085 Executing VM operation: GetCurrentLocation done
Event: 164.085 Executing VM operation: ChangeSingleStep
Event: 164.085 Executing VM operation: ChangeSingleStep done


Dynamic libraries:
0x0000000026a6c000 	/System/Library/Frameworks/Cocoa.framework/Versions/A/Cocoa
0x0000000026a6c000 	/System/Library/Frameworks/Security.framework/Versions/A/Security
0x0000000026a6c000 	/System/Library/Frameworks/ApplicationServices.framework/Versions/A/ApplicationServices
0x0000000026a6c000 	/usr/lib/libz.1.dylib
0x0000000026a6c000 	/usr/lib/libSystem.B.dylib
0x0000000026a6c000 	/usr/lib/libobjc.A.dylib
0x0000000026a6c000 	/System/Library/Frameworks/CoreFoundation.framework/Versions/A/CoreFoundation
0x0000000026a6c000 	/System/Library/Frameworks/Foundation.framework/Versions/C/Foundation
0x0000000026a6c000 	/System/Library/Frameworks/AppKit.framework/Versions/C/AppKit
0x0000000026a6c000 	/System/Library/Frameworks/CoreData.framework/Versions/A/CoreData
0x0000000026a6c000 	/System/Library/PrivateFrameworks/RemoteViewServices.framework/Versions/A/RemoteViewServices
0x0000000026a6c000 	/System/Library/PrivateFrameworks/UIFoundation.framework/Versions/A/UIFoundation
0x0000000026a6c000 	/System/Library/PrivateFrameworks/XCTTargetBootstrap.framework/Versions/A/XCTTargetBootstrap
0x0000000026a6c000 	/System/Library/PrivateFrameworks/IconServices.framework/Versions/A/IconServices
0x0000000026a6c000 	/System/Library/Frameworks/Metal.framework/Versions/A/Metal
0x0000000026a6c000 	/System/Library/PrivateFrameworks/DesktopServicesPriv.framework/Versions/A/DesktopServicesPriv
0x0000000026a6c000 	/usr/lib/libenergytrace.dylib
0x0000000026a6c000 	/System/Library/PrivateFrameworks/SkyLight.framework/Versions/A/SkyLight
0x0000000026a6c000 	/System/Library/Frameworks/CoreGraphics.framework/Versions/A/CoreGraphics
0x0000000026a6c000 	/System/Library/Frameworks/Accelerate.framework/Versions/A/Accelerate
0x0000000026a6c000 	/System/Library/Frameworks/IOSurface.framework/Versions/A/IOSurface
0x0000000026a6c000 	/System/Library/PrivateFrameworks/DFRFoundation.framework/Versions/A/DFRFoundation
0x0000000026a6c000 	/System/Library/Frameworks/AudioToolbox.framework/Versions/A/AudioToolbox
0x0000000026a6c000 	/System/Library/Frameworks/AudioUnit.framework/Versions/A/AudioUnit
0x0000000026a6c000 	/System/Library/PrivateFrameworks/DataDetectorsCore.framework/Versions/A/DataDetectorsCore
0x0000000026a6c000 	/System/Library/Frameworks/Carbon.framework/Versions/A/Frameworks/HIToolbox.framework/Versions/A/HIToolbox
0x0000000026a6c000 	/usr/lib/libicucore.A.dylib
0x0000000026a6c000 	/System/Library/Frameworks/QuartzCore.framework/Versions/A/QuartzCore
0x0000000026a6c000 	/System/Library/Frameworks/Carbon.framework/Versions/A/Frameworks/SpeechRecognition.framework/Versions/A/SpeechRecognition
0x0000000026a6c000 	/usr/lib/libauto.dylib
0x0000000026a6c000 	/usr/lib/libxml2.2.dylib
0x0000000026a6c000 	/System/Library/PrivateFrameworks/CoreUI.framework/Versions/A/CoreUI
0x0000000026a6c000 	/System/Library/Frameworks/CoreAudio.framework/Versions/A/CoreAudio
0x0000000026a6c000 	/System/Library/Frameworks/DiskArbitration.framework/Versions/A/DiskArbitration
0x0000000026a6c000 	/usr/lib/liblangid.dylib
0x0000000026a6c000 	/System/Library/PrivateFrameworks/MultitouchSupport.framework/Versions/A/MultitouchSupport
0x0000000026a6c000 	/System/Library/Frameworks/IOKit.framework/Versions/A/IOKit
0x0000000026a6c000 	/usr/lib/libDiagnosticMessagesClient.dylib
0x0000000026a6c000 	/System/Library/Frameworks/CoreServices.framework/Versions/A/CoreServices
0x0000000026a6c000 	/System/Library/PrivateFrameworks/PerformanceAnalysis.framework/Versions/A/PerformanceAnalysis
0x0000000026a6c000 	/System/Library/Frameworks/OpenGL.framework/Versions/A/OpenGL
0x0000000026a6c000 	/System/Library/Frameworks/ColorSync.framework/Versions/A/ColorSync
0x0000000026a6c000 	/System/Library/Frameworks/CoreImage.framework/Versions/A/CoreImage
0x0000000026a6c000 	/System/Library/Frameworks/CoreText.framework/Versions/A/CoreText
0x0000000026a6c000 	/System/Library/Frameworks/ImageIO.framework/Versions/A/ImageIO
0x0000000026a6c000 	/System/Library/PrivateFrameworks/Backup.framework/Versions/A/Backup
0x0000000026a6c000 	/usr/lib/libarchive.2.dylib
0x0000000026a6c000 	/System/Library/Frameworks/CFNetwork.framework/Versions/A/CFNetwork
0x0000000026a6c000 	/System/Library/Frameworks/SystemConfiguration.framework/Versions/A/SystemConfiguration
0x0000000026a6c000 	/usr/lib/libCRFSuite.dylib
0x0000000026a6c000 	/usr/lib/libc++.1.dylib
0x0000000026a6c000 	/usr/lib/libc++abi.dylib
0x0000000026a6c000 	/usr/lib/system/libcache.dylib
0x0000000026a6c000 	/usr/lib/system/libcommonCrypto.dylib
0x0000000026a6c000 	/usr/lib/system/libcompiler_rt.dylib
0x0000000026a6c000 	/usr/lib/system/libcopyfile.dylib
0x0000000026a6c000 	/usr/lib/system/libcorecrypto.dylib
0x0000000026a6c000 	/usr/lib/system/libdispatch.dylib
0x0000000026a6c000 	/usr/lib/system/libdyld.dylib
0x0000000026a6c000 	/usr/lib/system/libkeymgr.dylib
0x0000000026a6c000 	/usr/lib/system/liblaunch.dylib
0x0000000026a6c000 	/usr/lib/system/libmacho.dylib
0x0000000026a6c000 	/usr/lib/system/libquarantine.dylib
0x0000000026a6c000 	/usr/lib/system/libremovefile.dylib
0x0000000026a6c000 	/usr/lib/system/libsystem_asl.dylib
0x0000000026a6c000 	/usr/lib/system/libsystem_blocks.dylib
0x0000000026a6c000 	/usr/lib/system/libsystem_c.dylib
0x0000000026a6c000 	/usr/lib/system/libsystem_configuration.dylib
0x0000000026a6c000 	/usr/lib/system/libsystem_coreservices.dylib
0x0000000026a6c000 	/usr/lib/system/libsystem_darwin.dylib
0x0000000026a6c000 	/usr/lib/system/libsystem_dnssd.dylib
0x0000000026a6c000 	/usr/lib/system/libsystem_info.dylib
0x0000000026a6c000 	/usr/lib/system/libsystem_m.dylib
0x0000000026a6c000 	/usr/lib/system/libsystem_malloc.dylib
0x0000000026a6c000 	/usr/lib/system/libsystem_networkextension.dylib
0x0000000026a6c000 	/usr/lib/system/libsystem_notify.dylib
0x0000000026a6c000 	/usr/lib/system/libsystem_sandbox.dylib
0x0000000026a6c000 	/usr/lib/system/libsystem_secinit.dylib
0x0000000026a6c000 	/usr/lib/system/libsystem_kernel.dylib
0x0000000026a6c000 	/usr/lib/system/libsystem_platform.dylib
0x0000000026a6c000 	/usr/lib/system/libsystem_pthread.dylib
0x0000000026a6c000 	/usr/lib/system/libsystem_symptoms.dylib
0x0000000026a6c000 	/usr/lib/system/libsystem_trace.dylib
0x0000000026a6c000 	/usr/lib/system/libunwind.dylib
0x0000000026a6c000 	/usr/lib/system/libxpc.dylib
0x0000000026a6c000 	/usr/lib/libbsm.0.dylib
0x0000000026a6c000 	/usr/lib/system/libkxld.dylib
0x0000000026a6c000 	/System/Library/PrivateFrameworks/AppleFSCompression.framework/Versions/A/AppleFSCompression
0x0000000026a6c000 	/usr/lib/libOpenScriptingUtil.dylib
0x0000000026a6c000 	/usr/lib/libcoretls.dylib
0x0000000026a6c000 	/usr/lib/libcoretls_cfhelpers.dylib
0x0000000026a6c000 	/usr/lib/libpam.2.dylib
0x0000000026a6c000 	/usr/lib/libsqlite3.dylib
0x0000000026a6c000 	/usr/lib/libxar.1.dylib
0x0000000026a6c000 	/usr/lib/libbz2.1.0.dylib
0x0000000026a6c000 	/usr/lib/liblzma.5.dylib
0x0000000026a6c000 	/usr/lib/libnetwork.dylib
0x0000000026a6c000 	/usr/lib/libapple_nghttp2.dylib
0x0000000026a6c000 	/usr/lib/libpcap.A.dylib
0x0000000026a6c000 	/System/Library/Frameworks/CoreServices.framework/Versions/A/Frameworks/FSEvents.framework/Versions/A/FSEvents
0x0000000026a6c000 	/System/Library/Frameworks/CoreServices.framework/Versions/A/Frameworks/CarbonCore.framework/Versions/A/CarbonCore
0x0000000026a6c000 	/System/Library/Frameworks/CoreServices.framework/Versions/A/Frameworks/Metadata.framework/Versions/A/Metadata
0x0000000026a6c000 	/System/Library/Frameworks/CoreServices.framework/Versions/A/Frameworks/OSServices.framework/Versions/A/OSServices
0x0000000026a6c000 	/System/Library/Frameworks/CoreServices.framework/Versions/A/Frameworks/SearchKit.framework/Versions/A/SearchKit
0x0000000026a6c000 	/System/Library/Frameworks/CoreServices.framework/Versions/A/Frameworks/AE.framework/Versions/A/AE
0x0000000026a6c000 	/System/Library/Frameworks/CoreServices.framework/Versions/A/Frameworks/LaunchServices.framework/Versions/A/LaunchServices
0x0000000026a6c000 	/System/Library/Frameworks/CoreServices.framework/Versions/A/Frameworks/DictionaryServices.framework/Versions/A/DictionaryServices
0x0000000026a6c000 	/System/Library/Frameworks/CoreServices.framework/Versions/A/Frameworks/SharedFileList.framework/Versions/A/SharedFileList
0x0000000026a6c000 	/System/Library/Frameworks/NetFS.framework/Versions/A/NetFS
0x0000000026a6c000 	/System/Library/PrivateFrameworks/NetAuth.framework/Versions/A/NetAuth
0x0000000026a6c000 	/System/Library/PrivateFrameworks/login.framework/Versions/A/Frameworks/loginsupport.framework/Versions/A/loginsupport
0x0000000026a6c000 	/System/Library/PrivateFrameworks/TCC.framework/Versions/A/TCC
0x0000000026a6c000 	/System/Library/PrivateFrameworks/CoreNLP.framework/Versions/A/CoreNLP
0x0000000026a6c000 	/System/Library/PrivateFrameworks/MetadataUtilities.framework/Versions/A/MetadataUtilities
0x0000000026a6c000 	/usr/lib/libmecabra.dylib
0x0000000026a6c000 	/System/Library/Frameworks/ApplicationServices.framework/Versions/A/Frameworks/ATS.framework/Versions/A/ATS
0x0000000026a6c000 	/System/Library/Frameworks/ApplicationServices.framework/Versions/A/Frameworks/ColorSyncLegacy.framework/Versions/A/ColorSyncLegacy
0x0000000026a6c000 	/System/Library/Frameworks/ApplicationServices.framework/Versions/A/Frameworks/HIServices.framework/Versions/A/HIServices
0x0000000026a6c000 	/System/Library/Frameworks/ApplicationServices.framework/Versions/A/Frameworks/LangAnalysis.framework/Versions/A/LangAnalysis
0x0000000026a6c000 	/System/Library/Frameworks/ApplicationServices.framework/Versions/A/Frameworks/PrintCore.framework/Versions/A/PrintCore
0x0000000026a6c000 	/System/Library/Frameworks/ApplicationServices.framework/Versions/A/Frameworks/QD.framework/Versions/A/QD
0x0000000026a6c000 	/System/Library/Frameworks/ApplicationServices.framework/Versions/A/Frameworks/SpeechSynthesis.framework/Versions/A/SpeechSynthesis
0x0000000026a6c000 	/usr/lib/libcompression.dylib
0x0000000026a6c000 	/System/Library/Frameworks/CoreDisplay.framework/Versions/A/CoreDisplay
0x0000000026a6c000 	/System/Library/Frameworks/MetalPerformanceShaders.framework/Versions/A/MetalPerformanceShaders
0x0000000026a6c000 	/System/Library/Frameworks/Accelerate.framework/Versions/A/Frameworks/vImage.framework/Versions/A/vImage
0x0000000026a6c000 	/System/Library/Frameworks/Accelerate.framework/Versions/A/Frameworks/vecLib.framework/Versions/A/vecLib
0x0000000026a6c000 	/System/Library/Frameworks/Accelerate.framework/Versions/A/Frameworks/vecLib.framework/Versions/A/libvMisc.dylib
0x0000000026a6c000 	/System/Library/Frameworks/Accelerate.framework/Versions/A/Frameworks/vecLib.framework/Versions/A/libvDSP.dylib
0x0000000026a6c000 	/System/Library/Frameworks/Accelerate.framework/Versions/A/Frameworks/vecLib.framework/Versions/A/libBLAS.dylib
0x0000000026a6c000 	/System/Library/Frameworks/Accelerate.framework/Versions/A/Frameworks/vecLib.framework/Versions/A/libLAPACK.dylib
0x0000000026a6c000 	/System/Library/Frameworks/Accelerate.framework/Versions/A/Frameworks/vecLib.framework/Versions/A/libLinearAlgebra.dylib
0x0000000026a6c000 	/System/Library/Frameworks/Accelerate.framework/Versions/A/Frameworks/vecLib.framework/Versions/A/libSparseBLAS.dylib
0x0000000026a6c000 	/System/Library/Frameworks/Accelerate.framework/Versions/A/Frameworks/vecLib.framework/Versions/A/libQuadrature.dylib
0x0000000026a6c000 	/System/Library/Frameworks/Accelerate.framework/Versions/A/Frameworks/vecLib.framework/Versions/A/libBNNS.dylib
0x0000000026a6c000 	/System/Library/Frameworks/Accelerate.framework/Versions/A/Frameworks/vecLib.framework/Versions/A/libSparse.dylib
0x0000000026a6c000 	/System/Library/PrivateFrameworks/GPUWrangler.framework/Versions/A/GPUWrangler
0x0000000026a6c000 	/System/Library/PrivateFrameworks/IOAccelerator.framework/Versions/A/IOAccelerator
0x0000000026a6c000 	/System/Library/PrivateFrameworks/IOPresentment.framework/Versions/A/IOPresentment
0x0000000026a6c000 	/System/Library/PrivateFrameworks/DSExternalDisplay.framework/Versions/A/DSExternalDisplay
0x0000000026a6c000 	/System/Library/Frameworks/OpenGL.framework/Versions/A/Libraries/libCoreFSCache.dylib
0x0000000026a6c000 	/System/Library/Frameworks/MetalPerformanceShaders.framework/Frameworks/MPSCore.framework/Versions/A/MPSCore
0x0000000026a6c000 	/System/Library/Frameworks/MetalPerformanceShaders.framework/Frameworks/MPSImage.framework/Versions/A/MPSImage
0x0000000026a6c000 	/System/Library/Frameworks/MetalPerformanceShaders.framework/Frameworks/MPSNeuralNetwork.framework/Versions/A/MPSNeuralNetwork
0x0000000026a6c000 	/System/Library/Frameworks/MetalPerformanceShaders.framework/Frameworks/MPSMatrix.framework/Versions/A/MPSMatrix
0x0000000026a6c000 	/System/Library/Frameworks/MetalPerformanceShaders.framework/Frameworks/MPSRayIntersector.framework/Versions/A/MPSRayIntersector
0x0000000026a6c000 	/System/Library/PrivateFrameworks/MetalTools.framework/Versions/A/MetalTools
0x0000000026a6c000 	/System/Library/PrivateFrameworks/AggregateDictionary.framework/Versions/A/AggregateDictionary
0x0000000026a6c000 	/usr/lib/libMobileGestalt.dylib
0x0000000026a6c000 	/System/Library/Frameworks/CoreVideo.framework/Versions/A/CoreVideo
0x0000000026a6c000 	/System/Library/PrivateFrameworks/GraphVisualizer.framework/Versions/A/GraphVisualizer
0x0000000026a6c000 	/System/Library/PrivateFrameworks/FaceCore.framework/Versions/A/FaceCore
0x0000000026a6c000 	/System/Library/Frameworks/OpenCL.framework/Versions/A/OpenCL
0x0000000026a6c000 	/usr/lib/libFosl_dynamic.dylib
0x0000000026a6c000 	/System/Library/PrivateFrameworks/OTSVG.framework/Versions/A/OTSVG
0x0000000026a6c000 	/System/Library/Frameworks/ApplicationServices.framework/Versions/A/Frameworks/ATS.framework/Versions/A/Resources/libFontParser.dylib
0x0000000026a6c000 	/System/Library/Frameworks/ApplicationServices.framework/Versions/A/Frameworks/ATS.framework/Versions/A/Resources/libFontRegistry.dylib
0x0000000026a6c000 	/System/Library/Frameworks/ImageIO.framework/Versions/A/Resources/libJPEG.dylib
0x0000000026a6c000 	/System/Library/Frameworks/ImageIO.framework/Versions/A/Resources/libTIFF.dylib
0x0000000026a6c000 	/System/Library/Frameworks/ImageIO.framework/Versions/A/Resources/libPng.dylib
0x0000000026a6c000 	/System/Library/Frameworks/ImageIO.framework/Versions/A/Resources/libGIF.dylib
0x0000000026a6c000 	/System/Library/Frameworks/ImageIO.framework/Versions/A/Resources/libJP2.dylib
0x0000000026a6c000 	/System/Library/Frameworks/ImageIO.framework/Versions/A/Resources/libRadiance.dylib
0x0000000026a6c000 	/System/Library/PrivateFrameworks/AppleJPEG.framework/Versions/A/AppleJPEG
0x0000000026a6c000 	/System/Library/Frameworks/OpenGL.framework/Versions/A/Libraries/libGFXShared.dylib
0x0000000026a6c000 	/System/Library/Frameworks/OpenGL.framework/Versions/A/Libraries/libGLU.dylib
0x0000000026a6c000 	/System/Library/Frameworks/OpenGL.framework/Versions/A/Libraries/libGL.dylib
0x0000000026a6c000 	/System/Library/Frameworks/OpenGL.framework/Versions/A/Libraries/libGLImage.dylib
0x0000000026a6c000 	/System/Library/Frameworks/OpenGL.framework/Versions/A/Libraries/libCVMSPluginSupport.dylib
0x0000000026a6c000 	/System/Library/Frameworks/OpenGL.framework/Versions/A/Libraries/libCoreVMClient.dylib
0x0000000026a6c000 	/usr/lib/libcups.2.dylib
0x0000000026a6c000 	/System/Library/Frameworks/Kerberos.framework/Versions/A/Kerberos
0x0000000026a6c000 	/System/Library/Frameworks/GSS.framework/Versions/A/GSS
0x0000000026a6c000 	/usr/lib/libresolv.9.dylib
0x0000000026a6c000 	/usr/lib/libiconv.2.dylib
0x0000000026a6c000 	/System/Library/PrivateFrameworks/Heimdal.framework/Versions/A/Heimdal
0x0000000026a6c000 	/usr/lib/libheimdal-asn1.dylib
0x0000000026a6c000 	/System/Library/Frameworks/OpenDirectory.framework/Versions/A/OpenDirectory
0x0000000026a6c000 	/System/Library/PrivateFrameworks/CommonAuth.framework/Versions/A/CommonAuth
0x0000000026a6c000 	/System/Library/Frameworks/OpenDirectory.framework/Versions/A/Frameworks/CFOpenDirectory.framework/Versions/A/CFOpenDirectory
0x0000000026a6c000 	/System/Library/Frameworks/SecurityFoundation.framework/Versions/A/SecurityFoundation
0x0000000026a6c000 	/System/Library/PrivateFrameworks/APFS.framework/Versions/A/APFS
0x0000000026a6c000 	/usr/lib/libutil.dylib
0x0000000026a6c000 	/usr/lib/libcharset.1.dylib
0x0000000026a6c000 	/System/Library/PrivateFrameworks/AppleSauce.framework/Versions/A/AppleSauce
0x0000000026a6c000 	/System/Library/PrivateFrameworks/AssertionServices.framework/Versions/A/AssertionServices
0x0000000026a6c000 	/System/Library/PrivateFrameworks/BaseBoard.framework/Versions/A/BaseBoard
0x0000000026a6c000 	/usr/lib/libmecab.1.0.0.dylib
0x0000000026a6c000 	/usr/lib/libgermantok.dylib
0x0000000026a6c000 	/usr/lib/libThaiTokenizer.dylib
0x0000000026a6c000 	/usr/lib/libChineseTokenizer.dylib
0x0000000026a6c000 	/System/Library/PrivateFrameworks/LanguageModeling.framework/Versions/A/LanguageModeling
0x0000000026a6c000 	/System/Library/PrivateFrameworks/CoreEmoji.framework/Versions/A/CoreEmoji
0x0000000026a6c000 	/System/Library/PrivateFrameworks/Lexicon.framework/Versions/A/Lexicon
0x0000000026a6c000 	/System/Library/PrivateFrameworks/LinguisticData.framework/Versions/A/LinguisticData
0x0000000026a6c000 	/usr/lib/libcmph.dylib
0x0000000026a6c000 	/System/Library/Frameworks/ServiceManagement.framework/Versions/A/ServiceManagement
0x0000000026a6c000 	/System/Library/PrivateFrameworks/BackgroundTaskManagement.framework/Versions/A/BackgroundTaskManagement
0x0000000026a6c000 	/usr/lib/libxslt.1.dylib
0x0000000026a6c000 	/System/Library/Frameworks/Carbon.framework/Versions/A/Frameworks/Ink.framework/Versions/A/Ink
0x0000000026a6c000 	/System/Library/PrivateFrameworks/TextureIO.framework/Versions/A/TextureIO
0x0000000026a6c000 	/usr/lib/libate.dylib
0x0000000026a6c000 	/System/Library/PrivateFrameworks/CrashReporterSupport.framework/Versions/A/CrashReporterSupport
0x0000000026a6c000 	/System/Library/PrivateFrameworks/Sharing.framework/Versions/A/Sharing
0x0000000026a6c000 	/System/Library/PrivateFrameworks/AuthKit.framework/Versions/A/AuthKit
0x0000000026a6c000 	/System/Library/PrivateFrameworks/Apple80211.framework/Versions/A/Apple80211
0x0000000026a6c000 	/System/Library/PrivateFrameworks/CoreUtils.framework/Versions/A/CoreUtils
0x0000000026a6c000 	/System/Library/Frameworks/CoreWLAN.framework/Versions/A/CoreWLAN
0x0000000026a6c000 	/System/Library/Frameworks/IOBluetooth.framework/Versions/A/IOBluetooth
0x0000000026a6c000 	/System/Library/PrivateFrameworks/ProtocolBuffer.framework/Versions/A/ProtocolBuffer
0x0000000026a6c000 	/System/Library/PrivateFrameworks/MobileKeyBag.framework/Versions/A/MobileKeyBag
0x0000000026a6c000 	/System/Library/PrivateFrameworks/CorePhoneNumbers.framework/Versions/A/CorePhoneNumbers
0x0000000026a6c000 	/System/Library/PrivateFrameworks/AppleIDAuthSupport.framework/Versions/A/AppleIDAuthSupport
0x0000000026a6c000 	/System/Library/PrivateFrameworks/KeychainCircle.framework/Versions/A/KeychainCircle
0x0000000026a6c000 	/System/Library/PrivateFrameworks/ROCKit.framework/Versions/A/ROCKit
0x0000000026a6c000 	/System/Library/PrivateFrameworks/CoreWiFi.framework/Versions/A/CoreWiFi
0x0000000026a6c000 	/System/Library/Frameworks/CoreBluetooth.framework/Versions/A/CoreBluetooth
0x0000000026a6c000 	/System/Library/PrivateFrameworks/DebugSymbols.framework/Versions/A/DebugSymbols
0x0000000026a6c000 	/System/Library/PrivateFrameworks/CoreSymbolication.framework/Versions/A/CoreSymbolication
0x0000000026a6c000 	/System/Library/PrivateFrameworks/Symbolication.framework/Versions/A/Symbolication
0x0000000026a6c000 	/System/Library/PrivateFrameworks/SpeechRecognitionCore.framework/Versions/A/SpeechRecognitionCore
0x0000000026a6c000 	/System/Library/CoreServices/Encodings/libSimplifiedChineseConverter.dylib
0x000000010c400000 	/Library/Java/JavaVirtualMachines/jdk1.8.0_171.jdk/Contents/Home/jre/lib/server/libjvm.dylib
0x0000000026a6c000 	/usr/lib/libstdc++.6.dylib
0x000000010bb6d000 	/Library/Java/JavaVirtualMachines/jdk1.8.0_171.jdk/Contents/Home/jre/lib/libverify.dylib
0x000000010bb7b000 	/Library/Java/JavaVirtualMachines/jdk1.8.0_171.jdk/Contents/Home/jre/lib/libjava.dylib
0x000000010bbb2000 	/Library/Java/JavaVirtualMachines/jdk1.8.0_171.jdk/Contents/Home/jre/lib/libjdwp.dylib
0x000000010d3ae000 	/Library/Java/JavaVirtualMachines/jdk1.8.0_171.jdk/Contents/Home/jre/lib/libnpt.dylib
0x000000010d3b2000 	/Library/Java/JavaVirtualMachines/jdk1.8.0_171.jdk/Contents/Home/jre/lib/libinstrument.dylib
0x000000010d44e000 	/Library/Java/JavaVirtualMachines/jdk1.8.0_171.jdk/Contents/Home/jre/lib/libzip.dylib
0x0000000113da0000 	/Library/Java/JavaVirtualMachines/jdk1.8.0_171.jdk/Contents/Home/jre/lib/libdt_socket.dylib

VM Arguments:
jvm_args: -agentlib:jdwp=transport=dt_socket,address=127.0.0.1:54354,suspend=y,server=n -javaagent:/Users/tangzh/Library/Caches/IntelliJIdea2018.2/captureAgent/debugger-agent.jar=file:/private/var/folders/hr/06dh3dqx0_33c5mykx53fxc00000gn/T/capture.props -Dfile.encoding=UTF-8 
java_command: com.edu.JavaLearning.collection.MapLearning
java_class_path (initial): /Library/Java/JavaVirtualMachines/jdk1.8.0_171.jdk/Contents/Home/jre/lib/charsets.jar:/Library/Java/JavaVirtualMachines/jdk1.8.0_171.jdk/Contents/Home/jre/lib/deploy.jar:/Library/Java/JavaVirtualMachines/jdk1.8.0_171.jdk/Contents/Home/jre/lib/ext/cldrdata.jar:/Library/Java/JavaVirtualMachines/jdk1.8.0_171.jdk/Contents/Home/jre/lib/ext/dnsns.jar:/Library/Java/JavaVirtualMachines/jdk1.8.0_171.jdk/Contents/Home/jre/lib/ext/jaccess.jar:/Library/Java/JavaVirtualMachines/jdk1.8.0_171.jdk/Contents/Home/jre/lib/ext/jfxrt.jar:/Library/Java/JavaVirtualMachines/jdk1.8.0_171.jdk/Contents/Home/jre/lib/ext/localedata.jar:/Library/Java/JavaVirtualMachines/jdk1.8.0_171.jdk/Contents/Home/jre/lib/ext/nashorn.jar:/Library/Java/JavaVirtualMachines/jdk1.8.0_171.jdk/Contents/Home/jre/lib/ext/sunec.jar:/Library/Java/JavaVirtualMachines/jdk1.8.0_171.jdk/Contents/Home/jre/lib/ext/sunjce_provider.jar:/Library/Java/JavaVirtualMachines/jdk1.8.0_171.jdk/Contents/Home/jre/lib/ext/sunpkcs11.jar:/Library/Java/JavaVirtualMachines/jdk1.8.0_171.jdk/Contents/Home/jre/lib/ext/zipfs.jar:/Library/Java/JavaVirtualMachines/jdk1.8.0_171.jdk/Contents/Home/jre/lib/javaws.jar:/Library/Java/JavaVirtualMachines/jdk1.8.0_171.jdk/Contents/Home/jre/lib/jce.jar:/Library/Java/JavaVirtualMachines/jdk1.8.0_171.jdk/Contents/Home/jre/lib/jfr.jar:/Library/Java/JavaVirtualMachines/jdk1.8.0_171.jdk/Contents/Home/jre/lib/jfxswt.jar:/Library/Java/JavaVirtualMachines/jdk1.8.0_171.jdk/Contents/Home/jre/lib/jsse.jar:/Library/Java/JavaVirtualMachines/jdk1.8.0_171.jdk/Contents/Home/jre/lib/management-agent.jar:/Library/Java/JavaVirtualMachines/jdk1.8.0_171.jdk/Contents/Home/jre/lib/plugin.jar:/Library/Java/JavaVirtualMachines/jdk1.8.0_171.jdk/Contents/Home/jre/lib/resources.jar:/Library/Java/JavaVirtualMachines/jdk1.8.0_171.jdk/Contents/Home/jre/lib/rt.jar:/Library/Java/JavaVirtualMachines/jdk1.8.0_171.jdk/Contents/Home/lib/ant-javafx.jar:/Library/Java/JavaVirtualMachines/jdk1.8.0_171.jdk/Contents/Home
Launcher Type: SUN_STANDARD

Environment Variables:
PATH=/Library/Frameworks/Python.framework/Versions/3.7/bin:/usr/local/bin:/usr/bin:/bin:/usr/sbin:/sbin
SHELL=/bin/bash

Signal Handlers:
SIGSEGV: [libjvm.dylib+0x5b512d], sa_mask[0]=11111111011111110111111111111111, sa_flags=SA_ONSTACK|SA_RESTART|SA_SIGINFO
SIGBUS: [libjvm.dylib+0x5b512d], sa_mask[0]=11111111011111110111111111111111, sa_flags=SA_RESTART|SA_SIGINFO
SIGFPE: [libjvm.dylib+0x48aa90], sa_mask[0]=11111111011111110111111111111111, sa_flags=SA_RESTART|SA_SIGINFO
SIGPIPE: [libjvm.dylib+0x48aa90], sa_mask[0]=11111111011111110111111111111111, sa_flags=SA_RESTART|SA_SIGINFO
SIGXFSZ: [libjvm.dylib+0x48aa90], sa_mask[0]=11111111011111110111111111111111, sa_flags=SA_RESTART|SA_SIGINFO
SIGILL: [libjvm.dylib+0x48aa90], sa_mask[0]=11111111011111110111111111111111, sa_flags=SA_RESTART|SA_SIGINFO
SIGUSR1: SIG_DFL, sa_mask[0]=00000000000000000000000000000000, sa_flags=none
SIGUSR2: [libjvm.dylib+0x48a5ae], sa_mask[0]=00100000000000000000000000000000, sa_flags=SA_RESTART|SA_SIGINFO
SIGHUP: [libjvm.dylib+0x488b79], sa_mask[0]=11111111011111110111111111111111, sa_flags=SA_RESTART|SA_SIGINFO
SIGINT: [libjvm.dylib+0x488b79], sa_mask[0]=11111111011111110111111111111111, sa_flags=SA_RESTART|SA_SIGINFO
SIGTERM: [libjvm.dylib+0x488b79], sa_mask[0]=11111111011111110111111111111111, sa_flags=SA_RESTART|SA_SIGINFO
SIGQUIT: [libjvm.dylib+0x488b79], sa_mask[0]=11111111011111110111111111111111, sa_flags=SA_RESTART|SA_SIGINFO


---------------  S Y S T E M  ---------------

OS:Bsduname:Darwin 18.0.0 Darwin Kernel Version 18.0.0: Wed Aug 22 20:13:40 PDT 2018; root:xnu-4903.201.2~1/RELEASE_X86_64 x86_64
rlimit: STACK 8192k, CORE 0k, NPROC 709, NOFILE 10240, AS infinity
load average:2.46 2.42 2.15

CPU:total 4 (initial active 4) (2 cores per cpu, 2 threads per core) family 6 model 142 stepping 9, cmov, cx8, fxsr, mmx, sse, sse2, sse3, ssse3, sse4.1, sse4.2, popcnt, avx, avx2, aes, clmul, erms, rtm, 3dnowpref, lzcnt, ht, tsc, tscinvbit, bmi1, bmi2, adx

Memory: 4k page, physical 8388608k(369048k free)

/proc/meminfo:


vm_info: Java HotSpot(TM) 64-Bit Server VM (25.171-b11) for bsd-amd64 JRE (1.8.0_171-b11), built on Mar 28 2018 12:50:57 by "java_re" with gcc 4.2.1 (Based on Apple Inc. build 5658) (LLVM build 2336.11.00)

time: Thu Dec 13 14:22:42 2018
elapsed time: 164 seconds (0d 0h 2m 44s)

